2025-04-16 12:14:03-0400 [-] Loading buildbot.tac...
2025-04-16 12:14:04-0400 [-] Loaded.
2025-04-16 12:14:04-0400 [-] twistd 24.11.0 (/root/buildbot/worker_root/sandbox/bin/python3 3.12.5) starting up.
2025-04-16 12:14:04-0400 [-] reactor class: twisted.internet.epollreactor.EPollReactor.
2025-04-16 12:14:04-0400 [-] Starting Worker -- version: 4.2.1
2025-04-16 12:14:04-0400 [-] recording hostname in twistd.hostname
2025-04-16 12:14:04-0400 [-] Starting factory <buildbot_worker.pb.BotFactory object at 0x7ff3f475f860>
2025-04-16 12:14:04-0400 [Broker,client] message from master: attached
2025-04-16 12:14:04-0400 [Broker,client] message from master: attached
2025-04-16 12:14:04-0400 [Broker,client] Connected to buildmaster; worker is ready
2025-04-16 12:14:04-0400 [Broker,client] sending application-level keepalives every 600 seconds
2025-04-16 12:16:46-0400 [-] Scheduling retry 1 to connect <twisted.internet.endpoints.TCP4ClientEndpoint object at 0x7ff3f475fa70> in 2.435879391036968 seconds.
2025-04-16 12:16:46-0400 [-] Stopping factory <buildbot_worker.pb.BotFactory object at 0x7ff3f475f860>
2025-04-16 12:16:48-0400 [-] Starting factory <buildbot_worker.pb.BotFactory object at 0x7ff3f475f860>
2025-04-16 12:16:48-0400 [Broker,client] message from master: attached
2025-04-16 12:16:48-0400 [Broker,client] message from master: attached
2025-04-16 12:16:48-0400 [Broker,client] Connected to buildmaster; worker is ready
2025-04-16 12:16:48-0400 [Broker,client] sending application-level keepalives every 600 seconds
2025-04-16 12:26:48-0400 [-] sending app-level keepalive
2025-04-16 12:26:48-0400 [Broker,client] Master replied to keepalive, everything's fine
2025-04-16 12:36:48-0400 [-] sending app-level keepalive
2025-04-16 12:36:48-0400 [Broker,client] Master replied to keepalive, everything's fine
2025-04-16 12:46:48-0400 [-] sending app-level keepalive
2025-04-16 12:46:48-0400 [Broker,client] Master replied to keepalive, everything's fine
2025-04-16 12:56:49-0400 [-] sending app-level keepalive
2025-04-16 12:56:49-0400 [Broker,client] Master replied to keepalive, everything's fine
2025-04-16 13:06:49-0400 [-] sending app-level keepalive
2025-04-16 13:06:49-0400 [Broker,client] Master replied to keepalive, everything's fine
2025-04-16 13:16:48-0400 [Broker,client] message from master: keepalive
2025-04-16 13:16:49-0400 [-] sending app-level keepalive
2025-04-16 13:16:49-0400 [Broker,client] Master replied to keepalive, everything's fine
2025-04-16 13:26:49-0400 [-] sending app-level keepalive
2025-04-16 13:26:49-0400 [Broker,client] Master replied to keepalive, everything's fine
2025-04-16 13:36:49-0400 [-] sending app-level keepalive
2025-04-16 13:36:49-0400 [Broker,client] Master replied to keepalive, everything's fine
2025-04-16 13:46:49-0400 [-] sending app-level keepalive
2025-04-16 13:46:49-0400 [Broker,client] Master replied to keepalive, everything's fine
2025-04-16 13:56:49-0400 [-] sending app-level keepalive
2025-04-16 13:56:49-0400 [Broker,client] Master replied to keepalive, everything's fine
2025-04-16 14:06:49-0400 [-] sending app-level keepalive
2025-04-16 14:06:49-0400 [Broker,client] Master replied to keepalive, everything's fine
2025-04-16 14:16:48-0400 [Broker,client] message from master: keepalive
2025-04-16 14:16:49-0400 [-] sending app-level keepalive
2025-04-16 14:16:49-0400 [Broker,client] Master replied to keepalive, everything's fine
2025-04-16 14:26:49-0400 [-] sending app-level keepalive
2025-04-16 14:26:49-0400 [Broker,client] Master replied to keepalive, everything's fine
2025-04-16 14:36:49-0400 [-] sending app-level keepalive
2025-04-16 14:36:49-0400 [Broker,client] Master replied to keepalive, everything's fine
2025-04-16 14:46:49-0400 [-] sending app-level keepalive
2025-04-16 14:46:49-0400 [Broker,client] Master replied to keepalive, everything's fine
2025-04-16 14:56:50-0400 [-] sending app-level keepalive
2025-04-16 14:56:50-0400 [Broker,client] Master replied to keepalive, everything's fine
2025-04-16 15:06:50-0400 [-] sending app-level keepalive
2025-04-16 15:06:50-0400 [Broker,client] Master replied to keepalive, everything's fine
2025-04-16 15:16:48-0400 [Broker,client] message from master: keepalive
2025-04-16 15:16:50-0400 [-] sending app-level keepalive
2025-04-16 15:16:50-0400 [Broker,client] Master replied to keepalive, everything's fine
2025-04-16 15:26:50-0400 [-] sending app-level keepalive
2025-04-16 15:26:50-0400 [Broker,client] Master replied to keepalive, everything's fine
2025-04-16 15:36:50-0400 [-] sending app-level keepalive
2025-04-16 15:36:50-0400 [Broker,client] Master replied to keepalive, everything's fine
2025-04-16 15:46:50-0400 [-] sending app-level keepalive
2025-04-16 15:46:50-0400 [Broker,client] Master replied to keepalive, everything's fine
2025-04-16 15:56:50-0400 [-] sending app-level keepalive
2025-04-16 15:56:50-0400 [Broker,client] Master replied to keepalive, everything's fine
2025-04-16 16:06:50-0400 [-] sending app-level keepalive
2025-04-16 16:06:50-0400 [Broker,client] Master replied to keepalive, everything's fine
2025-04-16 16:16:48-0400 [Broker,client] message from master: keepalive
2025-04-16 16:16:50-0400 [-] sending app-level keepalive
2025-04-16 16:16:50-0400 [Broker,client] Master replied to keepalive, everything's fine
2025-04-16 16:26:50-0400 [-] sending app-level keepalive
2025-04-16 16:26:50-0400 [Broker,client] Master replied to keepalive, everything's fine
2025-04-16 16:36:50-0400 [-] sending app-level keepalive
2025-04-16 16:36:50-0400 [Broker,client] Master replied to keepalive, everything's fine
2025-04-16 16:46:50-0400 [-] sending app-level keepalive
2025-04-16 16:46:50-0400 [Broker,client] Master replied to keepalive, everything's fine
2025-04-16 16:56:50-0400 [-] sending app-level keepalive
2025-04-16 16:56:50-0400 [Broker,client] Master replied to keepalive, everything's fine
2025-04-16 17:06:50-0400 [-] sending app-level keepalive
2025-04-16 17:06:50-0400 [Broker,client] Master replied to keepalive, everything's fine
2025-04-16 17:16:48-0400 [Broker,client] message from master: keepalive
2025-04-16 17:16:50-0400 [-] sending app-level keepalive
2025-04-16 17:16:50-0400 [Broker,client] Master replied to keepalive, everything's fine
2025-04-16 17:26:51-0400 [-] sending app-level keepalive
2025-04-16 17:26:51-0400 [Broker,client] Master replied to keepalive, everything's fine
2025-04-16 17:36:51-0400 [-] sending app-level keepalive
2025-04-16 17:36:51-0400 [Broker,client] Master replied to keepalive, everything's fine
2025-04-16 17:46:51-0400 [-] sending app-level keepalive
2025-04-16 17:46:51-0400 [Broker,client] Master replied to keepalive, everything's fine
2025-04-16 17:56:51-0400 [-] sending app-level keepalive
2025-04-16 17:56:51-0400 [Broker,client] Master replied to keepalive, everything's fine
2025-04-16 18:06:51-0400 [-] sending app-level keepalive
2025-04-16 18:06:51-0400 [Broker,client] Master replied to keepalive, everything's fine
2025-04-16 18:16:48-0400 [Broker,client] message from master: keepalive
2025-04-16 18:16:51-0400 [-] sending app-level keepalive
2025-04-16 18:16:51-0400 [Broker,client] Master replied to keepalive, everything's fine
2025-04-16 18:26:51-0400 [-] sending app-level keepalive
2025-04-16 18:26:51-0400 [Broker,client] Master replied to keepalive, everything's fine
2025-04-16 18:36:51-0400 [-] sending app-level keepalive
2025-04-16 18:36:51-0400 [Broker,client] Master replied to keepalive, everything's fine
2025-04-16 18:46:51-0400 [-] sending app-level keepalive
2025-04-16 18:46:51-0400 [Broker,client] Master replied to keepalive, everything's fine
2025-04-16 18:56:51-0400 [-] sending app-level keepalive
2025-04-16 18:56:51-0400 [Broker,client] Master replied to keepalive, everything's fine
2025-04-16 19:06:51-0400 [-] sending app-level keepalive
2025-04-16 19:06:51-0400 [Broker,client] Master replied to keepalive, everything's fine
2025-04-16 19:16:48-0400 [Broker,client] message from master: keepalive
2025-04-16 19:16:51-0400 [-] sending app-level keepalive
2025-04-16 19:16:51-0400 [Broker,client] Master replied to keepalive, everything's fine
2025-04-16 19:26:51-0400 [-] sending app-level keepalive
2025-04-16 19:26:51-0400 [Broker,client] Master replied to keepalive, everything's fine
2025-04-16 19:36:51-0400 [-] sending app-level keepalive
2025-04-16 19:36:51-0400 [Broker,client] Master replied to keepalive, everything's fine
2025-04-16 19:46:51-0400 [-] sending app-level keepalive
2025-04-16 19:46:51-0400 [Broker,client] Master replied to keepalive, everything's fine
2025-04-16 19:56:52-0400 [-] sending app-level keepalive
2025-04-16 19:56:52-0400 [Broker,client] Master replied to keepalive, everything's fine
2025-04-16 20:06:52-0400 [-] sending app-level keepalive
2025-04-16 20:06:52-0400 [Broker,client] Master replied to keepalive, everything's fine
2025-04-16 20:16:48-0400 [Broker,client] message from master: keepalive
2025-04-16 20:16:52-0400 [-] sending app-level keepalive
2025-04-16 20:16:52-0400 [Broker,client] Master replied to keepalive, everything's fine
2025-04-16 20:26:52-0400 [-] sending app-level keepalive
2025-04-16 20:26:52-0400 [Broker,client] Master replied to keepalive, everything's fine
2025-04-16 20:36:52-0400 [-] sending app-level keepalive
2025-04-16 20:36:52-0400 [Broker,client] Master replied to keepalive, everything's fine
2025-04-16 20:46:52-0400 [-] sending app-level keepalive
2025-04-16 20:46:52-0400 [Broker,client] Master replied to keepalive, everything's fine
2025-04-16 20:56:52-0400 [-] sending app-level keepalive
2025-04-16 20:56:52-0400 [Broker,client] Master replied to keepalive, everything's fine
2025-04-16 21:06:52-0400 [-] sending app-level keepalive
2025-04-16 21:06:52-0400 [Broker,client] Master replied to keepalive, everything's fine
2025-04-16 21:16:48-0400 [Broker,client] message from master: keepalive
2025-04-16 21:16:52-0400 [-] sending app-level keepalive
2025-04-16 21:16:52-0400 [Broker,client] Master replied to keepalive, everything's fine
2025-04-16 21:26:52-0400 [-] sending app-level keepalive
2025-04-16 21:26:52-0400 [Broker,client] Master replied to keepalive, everything's fine
2025-04-16 21:36:52-0400 [-] sending app-level keepalive
2025-04-16 21:36:52-0400 [Broker,client] Master replied to keepalive, everything's fine
2025-04-16 21:46:52-0400 [-] sending app-level keepalive
2025-04-16 21:46:52-0400 [Broker,client] Master replied to keepalive, everything's fine
2025-04-16 21:56:52-0400 [-] sending app-level keepalive
2025-04-16 21:56:52-0400 [Broker,client] Master replied to keepalive, everything's fine
2025-04-16 22:06:52-0400 [-] sending app-level keepalive
2025-04-16 22:06:52-0400 [Broker,client] Master replied to keepalive, everything's fine
2025-04-16 22:16:48-0400 [Broker,client] message from master: keepalive
2025-04-16 22:16:52-0400 [-] sending app-level keepalive
2025-04-16 22:16:52-0400 [Broker,client] Master replied to keepalive, everything's fine
2025-04-16 22:26:52-0400 [-] sending app-level keepalive
2025-04-16 22:26:52-0400 [Broker,client] Master replied to keepalive, everything's fine
2025-04-16 22:36:53-0400 [-] sending app-level keepalive
2025-04-16 22:36:53-0400 [Broker,client] Master replied to keepalive, everything's fine
2025-04-16 22:46:53-0400 [-] sending app-level keepalive
2025-04-16 22:46:53-0400 [Broker,client] Master replied to keepalive, everything's fine
2025-04-16 22:56:53-0400 [-] sending app-level keepalive
2025-04-16 22:56:53-0400 [Broker,client] Master replied to keepalive, everything's fine
2025-04-16 23:06:53-0400 [-] sending app-level keepalive
2025-04-16 23:06:53-0400 [Broker,client] Master replied to keepalive, everything's fine
2025-04-16 23:16:48-0400 [Broker,client] message from master: keepalive
2025-04-16 23:16:53-0400 [-] sending app-level keepalive
2025-04-16 23:16:53-0400 [Broker,client] Master replied to keepalive, everything's fine
2025-04-16 23:26:53-0400 [-] sending app-level keepalive
2025-04-16 23:26:53-0400 [Broker,client] Master replied to keepalive, everything's fine
2025-04-16 23:36:53-0400 [-] sending app-level keepalive
2025-04-16 23:36:53-0400 [Broker,client] Master replied to keepalive, everything's fine
2025-04-16 23:46:53-0400 [-] sending app-level keepalive
2025-04-16 23:46:53-0400 [Broker,client] Master replied to keepalive, everything's fine
2025-04-16 23:56:53-0400 [-] sending app-level keepalive
2025-04-16 23:56:53-0400 [Broker,client] Master replied to keepalive, everything's fine
2025-04-17 00:06:53-0400 [-] sending app-level keepalive
2025-04-17 00:06:53-0400 [Broker,client] Master replied to keepalive, everything's fine
2025-04-17 00:16:48-0400 [Broker,client] message from master: keepalive
2025-04-17 00:16:53-0400 [-] sending app-level keepalive
2025-04-17 00:16:53-0400 [Broker,client] Master replied to keepalive, everything's fine
2025-04-17 00:26:53-0400 [-] sending app-level keepalive
2025-04-17 00:26:53-0400 [Broker,client] Master replied to keepalive, everything's fine
2025-04-17 00:36:54-0400 [-] sending app-level keepalive
2025-04-17 00:36:54-0400 [Broker,client] Master replied to keepalive, everything's fine
2025-04-17 00:46:54-0400 [-] sending app-level keepalive
2025-04-17 00:46:54-0400 [Broker,client] Master replied to keepalive, everything's fine
2025-04-17 00:56:54-0400 [-] sending app-level keepalive
2025-04-17 00:56:54-0400 [Broker,client] Master replied to keepalive, everything's fine
2025-04-17 01:06:54-0400 [-] sending app-level keepalive
2025-04-17 01:06:54-0400 [Broker,client] Master replied to keepalive, everything's fine
2025-04-17 01:16:48-0400 [Broker,client] message from master: keepalive
2025-04-17 01:16:54-0400 [-] sending app-level keepalive
2025-04-17 01:16:54-0400 [Broker,client] Master replied to keepalive, everything's fine
2025-04-17 01:26:54-0400 [-] sending app-level keepalive
2025-04-17 01:26:54-0400 [Broker,client] Master replied to keepalive, everything's fine
2025-04-17 01:36:54-0400 [-] sending app-level keepalive
2025-04-17 01:36:54-0400 [Broker,client] Master replied to keepalive, everything's fine
2025-04-17 01:46:54-0400 [-] sending app-level keepalive
2025-04-17 01:46:54-0400 [Broker,client] Master replied to keepalive, everything's fine
2025-04-17 01:56:54-0400 [-] sending app-level keepalive
2025-04-17 01:56:54-0400 [Broker,client] Master replied to keepalive, everything's fine
2025-04-17 02:06:54-0400 [-] sending app-level keepalive
2025-04-17 02:06:54-0400 [Broker,client] Master replied to keepalive, everything's fine
2025-04-17 02:16:48-0400 [Broker,client] message from master: keepalive
2025-04-17 02:16:54-0400 [-] sending app-level keepalive
2025-04-17 02:16:54-0400 [Broker,client] Master replied to keepalive, everything's fine
2025-04-17 02:26:54-0400 [-] sending app-level keepalive
2025-04-17 02:26:54-0400 [Broker,client] Master replied to keepalive, everything's fine
2025-04-17 02:36:54-0400 [-] sending app-level keepalive
2025-04-17 02:36:54-0400 [Broker,client] Master replied to keepalive, everything's fine
2025-04-17 02:46:54-0400 [-] sending app-level keepalive
2025-04-17 02:46:54-0400 [Broker,client] Master replied to keepalive, everything's fine
2025-04-17 02:56:54-0400 [-] sending app-level keepalive
2025-04-17 02:56:54-0400 [Broker,client] Master replied to keepalive, everything's fine
2025-04-17 03:06:54-0400 [-] sending app-level keepalive
2025-04-17 03:06:54-0400 [Broker,client] Master replied to keepalive, everything's fine
2025-04-17 03:16:48-0400 [Broker,client] message from master: keepalive
2025-04-17 03:16:54-0400 [-] sending app-level keepalive
2025-04-17 03:16:54-0400 [Broker,client] Master replied to keepalive, everything's fine
2025-04-17 03:26:55-0400 [-] sending app-level keepalive
2025-04-17 03:26:55-0400 [Broker,client] Master replied to keepalive, everything's fine
2025-04-17 03:36:55-0400 [-] sending app-level keepalive
2025-04-17 03:36:55-0400 [Broker,client] Master replied to keepalive, everything's fine
2025-04-17 03:46:55-0400 [-] sending app-level keepalive
2025-04-17 03:46:55-0400 [Broker,client] Master replied to keepalive, everything's fine
2025-04-17 03:56:55-0400 [-] sending app-level keepalive
2025-04-17 03:56:55-0400 [Broker,client] Master replied to keepalive, everything's fine
2025-04-17 04:06:55-0400 [-] sending app-level keepalive
2025-04-17 04:06:55-0400 [Broker,client] Master replied to keepalive, everything's fine
2025-04-17 04:16:48-0400 [Broker,client] message from master: keepalive
2025-04-17 04:16:55-0400 [-] sending app-level keepalive
2025-04-17 04:16:55-0400 [Broker,client] Master replied to keepalive, everything's fine
2025-04-17 04:26:55-0400 [-] sending app-level keepalive
2025-04-17 04:26:55-0400 [Broker,client] Master replied to keepalive, everything's fine
2025-04-17 04:36:55-0400 [-] sending app-level keepalive
2025-04-17 04:36:55-0400 [Broker,client] Master replied to keepalive, everything's fine
2025-04-17 04:46:55-0400 [-] sending app-level keepalive
2025-04-17 04:46:55-0400 [Broker,client] Master replied to keepalive, everything's fine
2025-04-17 04:56:55-0400 [-] sending app-level keepalive
2025-04-17 04:56:55-0400 [Broker,client] Master replied to keepalive, everything's fine
2025-04-17 05:06:55-0400 [-] sending app-level keepalive
2025-04-17 05:06:55-0400 [Broker,client] Master replied to keepalive, everything's fine
2025-04-17 05:16:48-0400 [Broker,client] message from master: keepalive
2025-04-17 05:16:55-0400 [-] sending app-level keepalive
2025-04-17 05:16:55-0400 [Broker,client] Master replied to keepalive, everything's fine
2025-04-17 05:26:55-0400 [-] sending app-level keepalive
2025-04-17 05:26:55-0400 [Broker,client] Master replied to keepalive, everything's fine
2025-04-17 05:36:55-0400 [-] sending app-level keepalive
2025-04-17 05:36:55-0400 [Broker,client] Master replied to keepalive, everything's fine
2025-04-17 05:46:55-0400 [-] sending app-level keepalive
2025-04-17 05:46:55-0400 [Broker,client] Master replied to keepalive, everything's fine
2025-04-17 05:56:55-0400 [-] sending app-level keepalive
2025-04-17 05:56:55-0400 [Broker,client] Master replied to keepalive, everything's fine
2025-04-17 06:06:55-0400 [-] sending app-level keepalive
2025-04-17 06:06:55-0400 [Broker,client] Master replied to keepalive, everything's fine
2025-04-17 06:16:48-0400 [Broker,client] message from master: keepalive
2025-04-17 06:16:55-0400 [-] sending app-level keepalive
2025-04-17 06:16:55-0400 [Broker,client] Master replied to keepalive, everything's fine
2025-04-17 06:26:55-0400 [-] sending app-level keepalive
2025-04-17 06:26:55-0400 [Broker,client] Master replied to keepalive, everything's fine
2025-04-17 06:36:56-0400 [-] sending app-level keepalive
2025-04-17 06:36:56-0400 [Broker,client] Master replied to keepalive, everything's fine
2025-04-17 06:46:56-0400 [-] sending app-level keepalive
2025-04-17 06:46:56-0400 [Broker,client] Master replied to keepalive, everything's fine
2025-04-17 06:56:56-0400 [-] sending app-level keepalive
2025-04-17 06:56:56-0400 [Broker,client] Master replied to keepalive, everything's fine
2025-04-17 07:06:56-0400 [-] sending app-level keepalive
2025-04-17 07:06:56-0400 [Broker,client] Master replied to keepalive, everything's fine
2025-04-17 07:16:48-0400 [Broker,client] message from master: keepalive
2025-04-17 07:16:56-0400 [-] sending app-level keepalive
2025-04-17 07:16:56-0400 [Broker,client] Master replied to keepalive, everything's fine
2025-04-17 07:26:56-0400 [-] sending app-level keepalive
2025-04-17 07:26:56-0400 [Broker,client] Master replied to keepalive, everything's fine
2025-04-17 07:36:56-0400 [-] sending app-level keepalive
2025-04-17 07:36:56-0400 [Broker,client] Master replied to keepalive, everything's fine
2025-04-17 07:46:56-0400 [-] sending app-level keepalive
2025-04-17 07:46:56-0400 [Broker,client] Master replied to keepalive, everything's fine
2025-04-17 07:56:56-0400 [-] sending app-level keepalive
2025-04-17 07:56:56-0400 [Broker,client] Master replied to keepalive, everything's fine
2025-04-17 08:06:56-0400 [-] sending app-level keepalive
2025-04-17 08:06:56-0400 [Broker,client] Master replied to keepalive, everything's fine
2025-04-17 08:16:48-0400 [Broker,client] message from master: keepalive
2025-04-17 08:16:56-0400 [-] sending app-level keepalive
2025-04-17 08:16:56-0400 [Broker,client] Master replied to keepalive, everything's fine
2025-04-17 08:26:56-0400 [-] sending app-level keepalive
2025-04-17 08:26:56-0400 [Broker,client] Master replied to keepalive, everything's fine
2025-04-17 08:36:56-0400 [-] sending app-level keepalive
2025-04-17 08:36:56-0400 [Broker,client] Master replied to keepalive, everything's fine
2025-04-17 08:46:56-0400 [-] sending app-level keepalive
2025-04-17 08:46:56-0400 [Broker,client] Master replied to keepalive, everything's fine
2025-04-17 08:56:56-0400 [-] sending app-level keepalive
2025-04-17 08:56:56-0400 [Broker,client] Master replied to keepalive, everything's fine
2025-04-17 09:06:56-0400 [-] sending app-level keepalive
2025-04-17 09:06:56-0400 [Broker,client] Master replied to keepalive, everything's fine
2025-04-17 09:16:48-0400 [Broker,client] message from master: keepalive
2025-04-17 09:16:56-0400 [-] sending app-level keepalive
2025-04-17 09:16:56-0400 [Broker,client] Master replied to keepalive, everything's fine
2025-04-17 09:26:56-0400 [-] sending app-level keepalive
2025-04-17 09:26:56-0400 [Broker,client] Master replied to keepalive, everything's fine
2025-04-17 09:36:56-0400 [-] sending app-level keepalive
2025-04-17 09:36:56-0400 [Broker,client] Master replied to keepalive, everything's fine
2025-04-17 09:46:57-0400 [-] sending app-level keepalive
2025-04-17 09:46:57-0400 [Broker,client] Master replied to keepalive, everything's fine
2025-04-17 09:56:57-0400 [-] sending app-level keepalive
2025-04-17 09:56:57-0400 [Broker,client] Master replied to keepalive, everything's fine
2025-04-17 10:06:57-0400 [-] sending app-level keepalive
2025-04-17 10:06:57-0400 [Broker,client] Master replied to keepalive, everything's fine
2025-04-17 10:16:48-0400 [Broker,client] message from master: keepalive
2025-04-17 10:16:57-0400 [-] sending app-level keepalive
2025-04-17 10:16:57-0400 [Broker,client] Master replied to keepalive, everything's fine
2025-04-17 10:26:57-0400 [-] sending app-level keepalive
2025-04-17 10:26:57-0400 [Broker,client] Master replied to keepalive, everything's fine
2025-04-17 10:36:57-0400 [-] sending app-level keepalive
2025-04-17 10:36:57-0400 [Broker,client] Master replied to keepalive, everything's fine
2025-04-17 10:41:43-0400 [-] Received SIGTERM, shutting down.
2025-04-17 10:41:43-0400 [-] Stopping factory <buildbot_worker.pb.BotFactory object at 0x7ff3f475f860>
2025-04-17 10:41:43-0400 [-] Main loop terminated.
2025-04-17 10:41:43-0400 [-] Server Shut Down.
2025-04-17 10:41:43-0400 [-] Loading buildbot.tac...
2025-04-17 10:41:43-0400 [-] Loaded.
2025-04-17 10:41:43-0400 [-] twistd 24.11.0 (/root/buildbot/worker_root/sandbox/bin/python3 3.12.5) starting up.
2025-04-17 10:41:43-0400 [-] reactor class: twisted.internet.epollreactor.EPollReactor.
2025-04-17 10:41:43-0400 [-] Starting Worker -- version: 4.2.1
2025-04-17 10:41:43-0400 [-] recording hostname in twistd.hostname
2025-04-17 10:41:43-0400 [-] Starting factory <buildbot_worker.pb.BotFactory object at 0x7fb7872c3ad0>
2025-04-17 10:41:43-0400 [Broker,client] message from master: attached
2025-04-17 10:41:43-0400 [Broker,client] message from master: attached
2025-04-17 10:41:43-0400 [Broker,client] Connected to buildmaster; worker is ready
2025-04-17 10:41:43-0400 [Broker,client] sending application-level keepalives every 600 seconds
2025-04-17 10:51:43-0400 [-] sending app-level keepalive
2025-04-17 10:51:43-0400 [Broker,client] Master replied to keepalive, everything's fine
2025-04-17 11:01:43-0400 [-] sending app-level keepalive
2025-04-17 11:01:43-0400 [Broker,client] Master replied to keepalive, everything's fine
2025-04-17 11:08:35-0400 [Broker,client] message from master: attached
2025-04-17 11:11:44-0400 [-] sending app-level keepalive
2025-04-17 11:11:44-0400 [Broker,client] Master replied to keepalive, everything's fine
2025-04-17 11:21:44-0400 [-] sending app-level keepalive
2025-04-17 11:21:44-0400 [Broker,client] Master replied to keepalive, everything's fine
2025-04-17 11:31:44-0400 [-] sending app-level keepalive
2025-04-17 11:31:44-0400 [Broker,client] Master replied to keepalive, everything's fine
2025-04-17 11:41:43-0400 [Broker,client] message from master: keepalive
2025-04-17 11:41:44-0400 [-] sending app-level keepalive
2025-04-17 11:41:44-0400 [Broker,client] Master replied to keepalive, everything's fine
2025-04-17 11:51:44-0400 [-] sending app-level keepalive
2025-04-17 11:51:44-0400 [Broker,client] Master replied to keepalive, everything's fine
2025-04-17 12:01:44-0400 [-] sending app-level keepalive
2025-04-17 12:01:44-0400 [Broker,client] Master replied to keepalive, everything's fine
2025-04-17 12:11:44-0400 [-] sending app-level keepalive
2025-04-17 12:11:44-0400 [Broker,client] Master replied to keepalive, everything's fine
2025-04-17 12:21:44-0400 [-] sending app-level keepalive
2025-04-17 12:21:44-0400 [Broker,client] Master replied to keepalive, everything's fine
2025-04-17 12:31:44-0400 [-] sending app-level keepalive
2025-04-17 12:31:44-0400 [Broker,client] Master replied to keepalive, everything's fine
2025-04-17 12:41:43-0400 [Broker,client] message from master: keepalive
2025-04-17 12:41:44-0400 [-] sending app-level keepalive
2025-04-17 12:41:44-0400 [Broker,client] Master replied to keepalive, everything's fine
2025-04-17 12:51:44-0400 [-] sending app-level keepalive
2025-04-17 12:51:44-0400 [Broker,client] Master replied to keepalive, everything's fine
2025-04-17 13:01:44-0400 [-] sending app-level keepalive
2025-04-17 13:01:44-0400 [Broker,client] Master replied to keepalive, everything's fine
2025-04-17 13:11:44-0400 [-] sending app-level keepalive
2025-04-17 13:11:44-0400 [Broker,client] Master replied to keepalive, everything's fine
2025-04-17 13:21:44-0400 [-] sending app-level keepalive
2025-04-17 13:21:44-0400 [Broker,client] Master replied to keepalive, everything's fine
2025-04-17 13:31:44-0400 [-] sending app-level keepalive
2025-04-17 13:31:44-0400 [Broker,client] Master replied to keepalive, everything's fine
2025-04-17 13:41:43-0400 [Broker,client] message from master: keepalive
2025-04-17 13:41:44-0400 [-] sending app-level keepalive
2025-04-17 13:41:44-0400 [Broker,client] Master replied to keepalive, everything's fine
2025-04-17 13:51:45-0400 [-] sending app-level keepalive
2025-04-17 13:51:45-0400 [Broker,client] Master replied to keepalive, everything's fine
2025-04-17 14:01:45-0400 [-] sending app-level keepalive
2025-04-17 14:01:45-0400 [Broker,client] Master replied to keepalive, everything's fine
2025-04-17 14:11:45-0400 [-] sending app-level keepalive
2025-04-17 14:11:45-0400 [Broker,client] Master replied to keepalive, everything's fine
2025-04-17 14:21:45-0400 [-] sending app-level keepalive
2025-04-17 14:21:45-0400 [Broker,client] Master replied to keepalive, everything's fine
2025-04-17 14:31:45-0400 [-] sending app-level keepalive
2025-04-17 14:31:45-0400 [Broker,client] Master replied to keepalive, everything's fine
2025-04-17 14:41:43-0400 [Broker,client] message from master: keepalive
2025-04-17 14:41:45-0400 [-] sending app-level keepalive
2025-04-17 14:41:45-0400 [Broker,client] Master replied to keepalive, everything's fine
2025-04-17 14:51:45-0400 [-] sending app-level keepalive
2025-04-17 14:51:45-0400 [Broker,client] Master replied to keepalive, everything's fine
2025-04-17 15:01:45-0400 [-] sending app-level keepalive
2025-04-17 15:01:45-0400 [Broker,client] Master replied to keepalive, everything's fine
2025-04-17 15:11:45-0400 [-] sending app-level keepalive
2025-04-17 15:11:45-0400 [Broker,client] Master replied to keepalive, everything's fine
2025-04-17 15:21:45-0400 [-] sending app-level keepalive
2025-04-17 15:21:45-0400 [Broker,client] Master replied to keepalive, everything's fine
2025-04-17 15:31:45-0400 [-] sending app-level keepalive
2025-04-17 15:31:45-0400 [Broker,client] Master replied to keepalive, everything's fine
2025-04-17 15:41:43-0400 [Broker,client] message from master: keepalive
2025-04-17 15:41:45-0400 [-] sending app-level keepalive
2025-04-17 15:41:45-0400 [Broker,client] Master replied to keepalive, everything's fine
2025-04-17 15:51:45-0400 [-] sending app-level keepalive
2025-04-17 15:51:45-0400 [Broker,client] Master replied to keepalive, everything's fine
2025-04-17 16:01:45-0400 [-] sending app-level keepalive
2025-04-17 16:01:45-0400 [Broker,client] Master replied to keepalive, everything's fine
2025-04-17 16:11:45-0400 [-] sending app-level keepalive
2025-04-17 16:11:45-0400 [Broker,client] Master replied to keepalive, everything's fine
2025-04-17 16:21:46-0400 [-] sending app-level keepalive
2025-04-17 16:21:46-0400 [Broker,client] Master replied to keepalive, everything's fine
2025-04-17 16:31:46-0400 [-] sending app-level keepalive
2025-04-17 16:31:46-0400 [Broker,client] Master replied to keepalive, everything's fine
2025-04-17 16:41:43-0400 [Broker,client] message from master: keepalive
2025-04-17 16:41:46-0400 [-] sending app-level keepalive
2025-04-17 16:41:46-0400 [Broker,client] Master replied to keepalive, everything's fine
2025-04-17 16:51:46-0400 [-] sending app-level keepalive
2025-04-17 16:51:46-0400 [Broker,client] Master replied to keepalive, everything's fine
2025-04-17 17:01:46-0400 [-] sending app-level keepalive
2025-04-17 17:01:46-0400 [Broker,client] Master replied to keepalive, everything's fine
2025-04-17 17:11:46-0400 [-] sending app-level keepalive
2025-04-17 17:11:46-0400 [Broker,client] Master replied to keepalive, everything's fine
2025-04-17 17:21:46-0400 [-] sending app-level keepalive
2025-04-17 17:21:46-0400 [Broker,client] Master replied to keepalive, everything's fine
2025-04-17 17:31:46-0400 [-] sending app-level keepalive
2025-04-17 17:31:46-0400 [Broker,client] Master replied to keepalive, everything's fine
2025-04-17 17:41:43-0400 [Broker,client] message from master: keepalive
2025-04-17 17:41:46-0400 [-] sending app-level keepalive
2025-04-17 17:41:46-0400 [Broker,client] Master replied to keepalive, everything's fine
2025-04-17 17:51:46-0400 [-] sending app-level keepalive
2025-04-17 17:51:46-0400 [Broker,client] Master replied to keepalive, everything's fine
2025-04-17 18:01:46-0400 [-] sending app-level keepalive
2025-04-17 18:01:46-0400 [Broker,client] Master replied to keepalive, everything's fine
2025-04-17 18:11:46-0400 [-] sending app-level keepalive
2025-04-17 18:11:46-0400 [Broker,client] Master replied to keepalive, everything's fine
2025-04-17 18:21:46-0400 [-] sending app-level keepalive
2025-04-17 18:21:46-0400 [Broker,client] Master replied to keepalive, everything's fine
2025-04-17 18:31:47-0400 [-] sending app-level keepalive
2025-04-17 18:31:47-0400 [Broker,client] Master replied to keepalive, everything's fine
2025-04-17 18:41:43-0400 [Broker,client] message from master: keepalive
2025-04-17 18:41:47-0400 [-] sending app-level keepalive
2025-04-17 18:41:47-0400 [Broker,client] Master replied to keepalive, everything's fine
2025-04-17 18:51:47-0400 [-] sending app-level keepalive
2025-04-17 18:51:47-0400 [Broker,client] Master replied to keepalive, everything's fine
2025-04-17 19:01:47-0400 [-] sending app-level keepalive
2025-04-17 19:01:47-0400 [Broker,client] Master replied to keepalive, everything's fine
2025-04-17 19:11:47-0400 [-] sending app-level keepalive
2025-04-17 19:11:47-0400 [Broker,client] Master replied to keepalive, everything's fine
2025-04-17 19:21:47-0400 [-] sending app-level keepalive
2025-04-17 19:21:47-0400 [Broker,client] Master replied to keepalive, everything's fine
2025-04-17 19:31:47-0400 [-] sending app-level keepalive
2025-04-17 19:31:47-0400 [Broker,client] Master replied to keepalive, everything's fine
2025-04-17 19:41:43-0400 [Broker,client] message from master: keepalive
2025-04-17 19:41:47-0400 [-] sending app-level keepalive
2025-04-17 19:41:47-0400 [Broker,client] Master replied to keepalive, everything's fine
2025-04-17 19:51:47-0400 [-] sending app-level keepalive
2025-04-17 19:51:47-0400 [Broker,client] Master replied to keepalive, everything's fine
2025-04-17 20:01:47-0400 [-] sending app-level keepalive
2025-04-17 20:01:47-0400 [Broker,client] Master replied to keepalive, everything's fine
2025-04-17 20:11:47-0400 [-] sending app-level keepalive
2025-04-17 20:11:47-0400 [Broker,client] Master replied to keepalive, everything's fine
2025-04-17 20:21:47-0400 [-] sending app-level keepalive
2025-04-17 20:21:47-0400 [Broker,client] Master replied to keepalive, everything's fine
2025-04-17 20:31:47-0400 [-] sending app-level keepalive
2025-04-17 20:31:47-0400 [Broker,client] Master replied to keepalive, everything's fine
2025-04-17 20:41:43-0400 [Broker,client] message from master: keepalive
2025-04-17 20:41:47-0400 [-] sending app-level keepalive
2025-04-17 20:41:47-0400 [Broker,client] Master replied to keepalive, everything's fine
2025-04-17 20:51:47-0400 [-] sending app-level keepalive
2025-04-17 20:51:47-0400 [Broker,client] Master replied to keepalive, everything's fine
2025-04-17 21:01:48-0400 [-] sending app-level keepalive
2025-04-17 21:01:48-0400 [Broker,client] Master replied to keepalive, everything's fine
2025-04-17 21:11:48-0400 [-] sending app-level keepalive
2025-04-17 21:11:48-0400 [Broker,client] Master replied to keepalive, everything's fine
2025-04-17 21:21:48-0400 [-] sending app-level keepalive
2025-04-17 21:21:48-0400 [Broker,client] Master replied to keepalive, everything's fine
2025-04-17 21:31:48-0400 [-] sending app-level keepalive
2025-04-17 21:31:48-0400 [Broker,client] Master replied to keepalive, everything's fine
2025-04-17 21:41:43-0400 [Broker,client] message from master: keepalive
2025-04-17 21:41:48-0400 [-] sending app-level keepalive
2025-04-17 21:41:48-0400 [Broker,client] Master replied to keepalive, everything's fine
2025-04-17 21:51:48-0400 [-] sending app-level keepalive
2025-04-17 21:51:48-0400 [Broker,client] Master replied to keepalive, everything's fine
2025-04-17 22:01:48-0400 [-] sending app-level keepalive
2025-04-17 22:01:48-0400 [Broker,client] Master replied to keepalive, everything's fine
2025-04-17 22:11:48-0400 [-] sending app-level keepalive
2025-04-17 22:11:48-0400 [Broker,client] Master replied to keepalive, everything's fine
2025-04-17 22:21:48-0400 [-] sending app-level keepalive
2025-04-17 22:21:48-0400 [Broker,client] Master replied to keepalive, everything's fine
2025-04-17 22:31:48-0400 [-] sending app-level keepalive
2025-04-17 22:31:48-0400 [Broker,client] Master replied to keepalive, everything's fine
2025-04-17 22:41:43-0400 [Broker,client] message from master: keepalive
2025-04-17 22:41:48-0400 [-] sending app-level keepalive
2025-04-17 22:41:48-0400 [Broker,client] Master replied to keepalive, everything's fine
2025-04-17 22:51:48-0400 [-] sending app-level keepalive
2025-04-17 22:51:48-0400 [Broker,client] Master replied to keepalive, everything's fine
2025-04-17 23:01:48-0400 [-] sending app-level keepalive
2025-04-17 23:01:48-0400 [Broker,client] Master replied to keepalive, everything's fine
2025-04-17 23:11:48-0400 [-] sending app-level keepalive
2025-04-17 23:11:48-0400 [Broker,client] Master replied to keepalive, everything's fine
2025-04-17 23:21:48-0400 [-] sending app-level keepalive
2025-04-17 23:21:48-0400 [Broker,client] Master replied to keepalive, everything's fine
2025-04-17 23:31:49-0400 [-] sending app-level keepalive
2025-04-17 23:31:49-0400 [Broker,client] Master replied to keepalive, everything's fine
2025-04-17 23:41:43-0400 [Broker,client] message from master: keepalive
2025-04-17 23:41:49-0400 [-] sending app-level keepalive
2025-04-17 23:41:49-0400 [Broker,client] Master replied to keepalive, everything's fine
2025-04-17 23:51:49-0400 [-] sending app-level keepalive
2025-04-17 23:51:49-0400 [Broker,client] Master replied to keepalive, everything's fine
2025-04-18 00:01:49-0400 [-] sending app-level keepalive
2025-04-18 00:01:49-0400 [Broker,client] Master replied to keepalive, everything's fine
2025-04-18 00:11:49-0400 [-] sending app-level keepalive
2025-04-18 00:11:49-0400 [Broker,client] Master replied to keepalive, everything's fine
2025-04-18 00:21:49-0400 [-] sending app-level keepalive
2025-04-18 00:21:49-0400 [Broker,client] Master replied to keepalive, everything's fine
2025-04-18 00:31:49-0400 [-] sending app-level keepalive
2025-04-18 00:31:49-0400 [Broker,client] Master replied to keepalive, everything's fine
2025-04-18 00:41:43-0400 [Broker,client] message from master: keepalive
2025-04-18 00:41:49-0400 [-] sending app-level keepalive
2025-04-18 00:41:49-0400 [Broker,client] Master replied to keepalive, everything's fine
2025-04-18 00:51:49-0400 [-] sending app-level keepalive
2025-04-18 00:51:49-0400 [Broker,client] Master replied to keepalive, everything's fine
2025-04-18 01:01:49-0400 [-] sending app-level keepalive
2025-04-18 01:01:49-0400 [Broker,client] Master replied to keepalive, everything's fine
2025-04-18 01:11:49-0400 [-] sending app-level keepalive
2025-04-18 01:11:49-0400 [Broker,client] Master replied to keepalive, everything's fine
2025-04-18 01:21:49-0400 [-] sending app-level keepalive
2025-04-18 01:21:49-0400 [Broker,client] Master replied to keepalive, everything's fine
2025-04-18 01:31:49-0400 [-] sending app-level keepalive
2025-04-18 01:31:49-0400 [Broker,client] Master replied to keepalive, everything's fine
2025-04-18 01:41:43-0400 [Broker,client] message from master: keepalive
2025-04-18 01:41:50-0400 [-] sending app-level keepalive
2025-04-18 01:41:50-0400 [Broker,client] Master replied to keepalive, everything's fine
2025-04-18 01:51:50-0400 [-] sending app-level keepalive
2025-04-18 01:51:50-0400 [Broker,client] Master replied to keepalive, everything's fine
2025-04-18 02:01:50-0400 [-] sending app-level keepalive
2025-04-18 02:01:50-0400 [Broker,client] Master replied to keepalive, everything's fine
2025-04-18 02:11:50-0400 [-] sending app-level keepalive
2025-04-18 02:11:50-0400 [Broker,client] Master replied to keepalive, everything's fine
2025-04-18 02:21:50-0400 [-] sending app-level keepalive
2025-04-18 02:21:50-0400 [Broker,client] Master replied to keepalive, everything's fine
2025-04-18 02:31:50-0400 [-] sending app-level keepalive
2025-04-18 02:31:50-0400 [Broker,client] Master replied to keepalive, everything's fine
2025-04-18 02:41:43-0400 [Broker,client] message from master: keepalive
2025-04-18 02:41:50-0400 [-] sending app-level keepalive
2025-04-18 02:41:50-0400 [Broker,client] Master replied to keepalive, everything's fine
2025-04-18 02:51:50-0400 [-] sending app-level keepalive
2025-04-18 02:51:50-0400 [Broker,client] Master replied to keepalive, everything's fine
2025-04-18 03:01:50-0400 [-] sending app-level keepalive
2025-04-18 03:01:50-0400 [Broker,client] Master replied to keepalive, everything's fine
2025-04-18 03:11:50-0400 [-] sending app-level keepalive
2025-04-18 03:11:50-0400 [Broker,client] Master replied to keepalive, everything's fine
2025-04-18 03:21:50-0400 [-] sending app-level keepalive
2025-04-18 03:21:50-0400 [Broker,client] Master replied to keepalive, everything's fine
2025-04-18 03:31:50-0400 [-] sending app-level keepalive
2025-04-18 03:31:50-0400 [Broker,client] Master replied to keepalive, everything's fine
2025-04-18 03:41:43-0400 [Broker,client] message from master: keepalive
2025-04-18 03:41:50-0400 [-] sending app-level keepalive
2025-04-18 03:41:50-0400 [Broker,client] Master replied to keepalive, everything's fine
2025-04-18 03:51:50-0400 [-] sending app-level keepalive
2025-04-18 03:51:50-0400 [Broker,client] Master replied to keepalive, everything's fine
2025-04-18 04:01:51-0400 [-] sending app-level keepalive
2025-04-18 04:01:51-0400 [Broker,client] Master replied to keepalive, everything's fine
2025-04-18 04:11:51-0400 [-] sending app-level keepalive
2025-04-18 04:11:51-0400 [Broker,client] Master replied to keepalive, everything's fine
2025-04-18 04:21:51-0400 [-] sending app-level keepalive
2025-04-18 04:21:51-0400 [Broker,client] Master replied to keepalive, everything's fine
2025-04-18 04:31:51-0400 [-] sending app-level keepalive
2025-04-18 04:31:51-0400 [Broker,client] Master replied to keepalive, everything's fine
2025-04-18 04:41:43-0400 [Broker,client] message from master: keepalive
2025-04-18 04:41:51-0400 [-] sending app-level keepalive
2025-04-18 04:41:51-0400 [Broker,client] Master replied to keepalive, everything's fine
2025-04-18 04:51:51-0400 [-] sending app-level keepalive
2025-04-18 04:51:51-0400 [Broker,client] Master replied to keepalive, everything's fine
2025-04-18 05:01:51-0400 [-] sending app-level keepalive
2025-04-18 05:01:51-0400 [Broker,client] Master replied to keepalive, everything's fine
2025-04-18 05:11:51-0400 [-] sending app-level keepalive
2025-04-18 05:11:51-0400 [Broker,client] Master replied to keepalive, everything's fine
2025-04-18 05:21:51-0400 [-] sending app-level keepalive
2025-04-18 05:21:51-0400 [Broker,client] Master replied to keepalive, everything's fine
2025-04-18 05:31:51-0400 [-] sending app-level keepalive
2025-04-18 05:31:51-0400 [Broker,client] Master replied to keepalive, everything's fine
2025-04-18 05:41:43-0400 [Broker,client] message from master: keepalive
2025-04-18 05:41:51-0400 [-] sending app-level keepalive
2025-04-18 05:41:51-0400 [Broker,client] Master replied to keepalive, everything's fine
2025-04-18 05:51:51-0400 [-] sending app-level keepalive
2025-04-18 05:51:51-0400 [Broker,client] Master replied to keepalive, everything's fine
2025-04-18 06:01:51-0400 [-] sending app-level keepalive
2025-04-18 06:01:51-0400 [Broker,client] Master replied to keepalive, everything's fine
2025-04-18 06:11:51-0400 [-] sending app-level keepalive
2025-04-18 06:11:51-0400 [Broker,client] Master replied to keepalive, everything's fine
2025-04-18 06:21:51-0400 [-] sending app-level keepalive
2025-04-18 06:21:51-0400 [Broker,client] Master replied to keepalive, everything's fine
2025-04-18 06:31:52-0400 [-] sending app-level keepalive
2025-04-18 06:31:52-0400 [Broker,client] Master replied to keepalive, everything's fine
2025-04-18 06:41:43-0400 [Broker,client] message from master: keepalive
2025-04-18 06:41:52-0400 [-] sending app-level keepalive
2025-04-18 06:41:52-0400 [Broker,client] Master replied to keepalive, everything's fine
2025-04-18 06:51:52-0400 [-] sending app-level keepalive
2025-04-18 06:51:52-0400 [Broker,client] Master replied to keepalive, everything's fine
2025-04-18 07:01:52-0400 [-] sending app-level keepalive
2025-04-18 07:01:52-0400 [Broker,client] Master replied to keepalive, everything's fine
2025-04-18 07:11:52-0400 [-] sending app-level keepalive
2025-04-18 07:11:52-0400 [Broker,client] Master replied to keepalive, everything's fine
2025-04-18 07:21:52-0400 [-] sending app-level keepalive
2025-04-18 07:21:52-0400 [Broker,client] Master replied to keepalive, everything's fine
2025-04-18 07:31:52-0400 [-] sending app-level keepalive
2025-04-18 07:31:52-0400 [Broker,client] Master replied to keepalive, everything's fine
2025-04-18 07:41:43-0400 [Broker,client] message from master: keepalive
2025-04-18 07:41:52-0400 [-] sending app-level keepalive
2025-04-18 07:41:52-0400 [Broker,client] Master replied to keepalive, everything's fine
2025-04-18 07:51:52-0400 [-] sending app-level keepalive
2025-04-18 07:51:52-0400 [Broker,client] Master replied to keepalive, everything's fine
2025-04-18 08:01:52-0400 [-] sending app-level keepalive
2025-04-18 08:01:52-0400 [Broker,client] Master replied to keepalive, everything's fine
2025-04-18 08:11:52-0400 [-] sending app-level keepalive
2025-04-18 08:11:52-0400 [Broker,client] Master replied to keepalive, everything's fine
2025-04-18 08:21:52-0400 [-] sending app-level keepalive
2025-04-18 08:21:52-0400 [Broker,client] Master replied to keepalive, everything's fine
2025-04-18 08:31:52-0400 [-] sending app-level keepalive
2025-04-18 08:31:52-0400 [Broker,client] Master replied to keepalive, everything's fine
2025-04-18 08:41:43-0400 [Broker,client] message from master: keepalive
2025-04-18 08:41:52-0400 [-] sending app-level keepalive
2025-04-18 08:41:52-0400 [Broker,client] Master replied to keepalive, everything's fine
2025-04-18 08:51:53-0400 [-] sending app-level keepalive
2025-04-18 08:51:53-0400 [Broker,client] Master replied to keepalive, everything's fine
2025-04-18 09:01:53-0400 [-] sending app-level keepalive
2025-04-18 09:01:53-0400 [Broker,client] Master replied to keepalive, everything's fine
2025-04-18 09:11:53-0400 [-] sending app-level keepalive
2025-04-18 09:11:53-0400 [Broker,client] Master replied to keepalive, everything's fine
2025-04-18 09:21:53-0400 [-] sending app-level keepalive
2025-04-18 09:21:53-0400 [Broker,client] Master replied to keepalive, everything's fine
2025-04-18 09:31:53-0400 [-] sending app-level keepalive
2025-04-18 09:31:53-0400 [Broker,client] Master replied to keepalive, everything's fine
2025-04-18 09:41:43-0400 [Broker,client] message from master: keepalive
2025-04-18 09:41:53-0400 [-] sending app-level keepalive
2025-04-18 09:41:53-0400 [Broker,client] Master replied to keepalive, everything's fine
2025-04-18 09:51:53-0400 [-] sending app-level keepalive
2025-04-18 09:51:53-0400 [Broker,client] Master replied to keepalive, everything's fine
2025-04-18 10:01:53-0400 [-] sending app-level keepalive
2025-04-18 10:01:53-0400 [Broker,client] Master replied to keepalive, everything's fine
2025-04-18 10:11:53-0400 [-] sending app-level keepalive
2025-04-18 10:11:53-0400 [Broker,client] Master replied to keepalive, everything's fine
2025-04-18 10:21:53-0400 [-] sending app-level keepalive
2025-04-18 10:21:53-0400 [Broker,client] Master replied to keepalive, everything's fine
2025-04-18 10:31:53-0400 [-] sending app-level keepalive
2025-04-18 10:31:53-0400 [Broker,client] Master replied to keepalive, everything's fine
2025-04-18 10:41:43-0400 [Broker,client] message from master: keepalive
2025-04-18 10:41:53-0400 [-] sending app-level keepalive
2025-04-18 10:41:53-0400 [Broker,client] Master replied to keepalive, everything's fine
2025-04-18 10:51:53-0400 [-] sending app-level keepalive
2025-04-18 10:51:53-0400 [Broker,client] Master replied to keepalive, everything's fine
2025-04-18 11:01:53-0400 [-] sending app-level keepalive
2025-04-18 11:01:53-0400 [Broker,client] Master replied to keepalive, everything's fine
2025-04-18 11:11:53-0400 [-] sending app-level keepalive
2025-04-18 11:11:53-0400 [Broker,client] Master replied to keepalive, everything's fine
2025-04-18 11:21:53-0400 [-] sending app-level keepalive
2025-04-18 11:21:53-0400 [Broker,client] Master replied to keepalive, everything's fine
2025-04-18 11:31:54-0400 [-] sending app-level keepalive
2025-04-18 11:31:54-0400 [Broker,client] Master replied to keepalive, everything's fine
2025-04-18 11:41:43-0400 [Broker,client] message from master: keepalive
2025-04-18 11:41:54-0400 [-] sending app-level keepalive
2025-04-18 11:41:54-0400 [Broker,client] Master replied to keepalive, everything's fine
2025-04-18 11:51:54-0400 [-] sending app-level keepalive
2025-04-18 11:51:54-0400 [Broker,client] Master replied to keepalive, everything's fine
2025-04-18 12:01:54-0400 [-] sending app-level keepalive
2025-04-18 12:01:54-0400 [Broker,client] Master replied to keepalive, everything's fine
2025-04-18 12:11:54-0400 [-] sending app-level keepalive
2025-04-18 12:11:54-0400 [Broker,client] Master replied to keepalive, everything's fine
2025-04-18 12:21:54-0400 [-] sending app-level keepalive
2025-04-18 12:21:54-0400 [Broker,client] Master replied to keepalive, everything's fine
2025-04-18 12:31:54-0400 [-] sending app-level keepalive
2025-04-18 12:31:54-0400 [Broker,client] Master replied to keepalive, everything's fine
2025-04-18 12:41:43-0400 [Broker,client] message from master: keepalive
2025-04-18 12:41:54-0400 [-] sending app-level keepalive
2025-04-18 12:41:54-0400 [Broker,client] Master replied to keepalive, everything's fine
2025-04-18 12:51:54-0400 [-] sending app-level keepalive
2025-04-18 12:51:54-0400 [Broker,client] Master replied to keepalive, everything's fine
2025-04-18 13:01:54-0400 [-] sending app-level keepalive
2025-04-18 13:01:54-0400 [Broker,client] Master replied to keepalive, everything's fine
2025-04-18 13:11:54-0400 [-] sending app-level keepalive
2025-04-18 13:11:54-0400 [Broker,client] Master replied to keepalive, everything's fine
2025-04-18 13:21:54-0400 [-] sending app-level keepalive
2025-04-18 13:21:54-0400 [Broker,client] Master replied to keepalive, everything's fine
2025-04-18 13:31:54-0400 [-] sending app-level keepalive
2025-04-18 13:31:54-0400 [Broker,client] Master replied to keepalive, everything's fine
2025-04-18 13:41:43-0400 [Broker,client] message from master: keepalive
2025-04-18 13:41:54-0400 [-] sending app-level keepalive
2025-04-18 13:41:54-0400 [Broker,client] Master replied to keepalive, everything's fine
2025-04-18 13:51:54-0400 [-] sending app-level keepalive
2025-04-18 13:51:54-0400 [Broker,client] Master replied to keepalive, everything's fine
2025-04-18 14:00:16-0400 [-] Scheduling retry 1 to connect <twisted.internet.endpoints.TCP4ClientEndpoint object at 0x7fb7872c3d10> in 2.3581306497373955 seconds.
2025-04-18 14:00:16-0400 [-] Stopping factory <buildbot_worker.pb.BotFactory object at 0x7fb7872c3ad0>
2025-04-18 14:00:18-0400 [-] Starting factory <buildbot_worker.pb.BotFactory object at 0x7fb7872c3ad0>
2025-04-18 14:00:18-0400 [Broker,client] message from master: attached
2025-04-18 14:00:19-0400 [Broker,client] message from master: attached
2025-04-18 14:00:19-0400 [Broker,client] message from master: attached
2025-04-18 14:00:19-0400 [Broker,client] Connected to buildmaster; worker is ready
2025-04-18 14:00:19-0400 [Broker,client] sending application-level keepalives every 600 seconds
2025-04-18 14:02:41-0400 [-] Scheduling retry 1 to connect <twisted.internet.endpoints.TCP4ClientEndpoint object at 0x7fb7872c3d10> in 1.731451761564176 seconds.
2025-04-18 14:02:41-0400 [-] Stopping factory <buildbot_worker.pb.BotFactory object at 0x7fb7872c3ad0>
2025-04-18 14:02:43-0400 [-] Starting factory <buildbot_worker.pb.BotFactory object at 0x7fb7872c3ad0>
2025-04-18 14:02:43-0400 [-] Scheduling retry 2 to connect <twisted.internet.endpoints.TCP4ClientEndpoint object at 0x7fb7872c3d10> in 2.342427130856266 seconds.
2025-04-18 14:02:43-0400 [-] Stopping factory <buildbot_worker.pb.BotFactory object at 0x7fb7872c3ad0>
2025-04-18 14:02:45-0400 [-] Starting factory <buildbot_worker.pb.BotFactory object at 0x7fb7872c3ad0>
2025-04-18 14:02:45-0400 [Broker,client] message from master: attached
2025-04-18 14:02:46-0400 [Broker,client] message from master: attached
2025-04-18 14:02:46-0400 [Broker,client] message from master: attached
2025-04-18 14:02:46-0400 [Broker,client] Connected to buildmaster; worker is ready
2025-04-18 14:02:46-0400 [Broker,client] sending application-level keepalives every 600 seconds
2025-04-18 14:12:46-0400 [-] sending app-level keepalive
2025-04-18 14:12:46-0400 [Broker,client] Master replied to keepalive, everything's fine
2025-04-18 14:22:46-0400 [-] sending app-level keepalive
2025-04-18 14:22:46-0400 [Broker,client] Master replied to keepalive, everything's fine
2025-04-18 14:27:44-0400 [-] Scheduling retry 1 to connect <twisted.internet.endpoints.TCP4ClientEndpoint object at 0x7fb7872c3d10> in 1.5355686205849461 seconds.
2025-04-18 14:27:44-0400 [-] Stopping factory <buildbot_worker.pb.BotFactory object at 0x7fb7872c3ad0>
2025-04-18 14:27:45-0400 [-] Starting factory <buildbot_worker.pb.BotFactory object at 0x7fb7872c3ad0>
2025-04-18 14:27:45-0400 [-] Scheduling retry 2 to connect <twisted.internet.endpoints.TCP4ClientEndpoint object at 0x7fb7872c3d10> in 2.9636491883125093 seconds.
2025-04-18 14:27:45-0400 [-] Stopping factory <buildbot_worker.pb.BotFactory object at 0x7fb7872c3ad0>
2025-04-18 14:27:48-0400 [-] Starting factory <buildbot_worker.pb.BotFactory object at 0x7fb7872c3ad0>
2025-04-18 14:27:48-0400 [-] Scheduling retry 3 to connect <twisted.internet.endpoints.TCP4ClientEndpoint object at 0x7fb7872c3d10> in 3.752362685171805 seconds.
2025-04-18 14:27:48-0400 [-] Stopping factory <buildbot_worker.pb.BotFactory object at 0x7fb7872c3ad0>
2025-04-18 14:27:52-0400 [-] Starting factory <buildbot_worker.pb.BotFactory object at 0x7fb7872c3ad0>
2025-04-18 14:27:52-0400 [Broker,client] message from master: attached
2025-04-18 14:27:52-0400 [Broker,client] message from master: attached
2025-04-18 14:27:52-0400 [Broker,client] message from master: attached
2025-04-18 14:27:52-0400 [Broker,client] Connected to buildmaster; worker is ready
2025-04-18 14:27:52-0400 [Broker,client] sending application-level keepalives every 600 seconds
2025-04-18 14:30:03-0400 [-] Scheduling retry 1 to connect <twisted.internet.endpoints.TCP4ClientEndpoint object at 0x7fb7872c3d10> in 1.6534420936285854 seconds.
2025-04-18 14:30:03-0400 [-] Stopping factory <buildbot_worker.pb.BotFactory object at 0x7fb7872c3ad0>
2025-04-18 14:30:04-0400 [-] Starting factory <buildbot_worker.pb.BotFactory object at 0x7fb7872c3ad0>
2025-04-18 14:30:04-0400 [-] Scheduling retry 2 to connect <twisted.internet.endpoints.TCP4ClientEndpoint object at 0x7fb7872c3d10> in 2.402682682681288 seconds.
2025-04-18 14:30:04-0400 [-] Stopping factory <buildbot_worker.pb.BotFactory object at 0x7fb7872c3ad0>
2025-04-18 14:30:07-0400 [-] Starting factory <buildbot_worker.pb.BotFactory object at 0x7fb7872c3ad0>
2025-04-18 14:30:07-0400 [Broker,client] message from master: attached
2025-04-18 14:30:07-0400 [Broker,client] message from master: attached
2025-04-18 14:30:07-0400 [Broker,client] message from master: attached
2025-04-18 14:30:07-0400 [Broker,client] Connected to buildmaster; worker is ready
2025-04-18 14:30:07-0400 [Broker,client] sending application-level keepalives every 600 seconds
2025-04-18 14:34:56-0400 [-] Scheduling retry 1 to connect <twisted.internet.endpoints.TCP4ClientEndpoint object at 0x7fb7872c3d10> in 2.012678871631344 seconds.
2025-04-18 14:34:56-0400 [-] Stopping factory <buildbot_worker.pb.BotFactory object at 0x7fb7872c3ad0>
2025-04-18 14:34:58-0400 [-] Starting factory <buildbot_worker.pb.BotFactory object at 0x7fb7872c3ad0>
2025-04-18 14:34:58-0400 [-] Scheduling retry 2 to connect <twisted.internet.endpoints.TCP4ClientEndpoint object at 0x7fb7872c3d10> in 2.990683285118276 seconds.
2025-04-18 14:34:58-0400 [-] Stopping factory <buildbot_worker.pb.BotFactory object at 0x7fb7872c3ad0>
2025-04-18 14:35:01-0400 [-] Starting factory <buildbot_worker.pb.BotFactory object at 0x7fb7872c3ad0>
2025-04-18 14:35:01-0400 [Broker,client] message from master: attached
2025-04-18 14:35:01-0400 [Broker,client] message from master: attached
2025-04-18 14:35:01-0400 [Broker,client] message from master: attached
2025-04-18 14:35:01-0400 [Broker,client] Connected to buildmaster; worker is ready
2025-04-18 14:35:01-0400 [Broker,client] sending application-level keepalives every 600 seconds
2025-04-18 14:35:19-0400 [-] Scheduling retry 1 to connect <twisted.internet.endpoints.TCP4ClientEndpoint object at 0x7fb7872c3d10> in 1.8675773397061657 seconds.
2025-04-18 14:35:19-0400 [-] Stopping factory <buildbot_worker.pb.BotFactory object at 0x7fb7872c3ad0>
2025-04-18 14:35:21-0400 [-] Starting factory <buildbot_worker.pb.BotFactory object at 0x7fb7872c3ad0>
2025-04-18 14:35:21-0400 [-] Scheduling retry 2 to connect <twisted.internet.endpoints.TCP4ClientEndpoint object at 0x7fb7872c3d10> in 3.0026328526675625 seconds.
2025-04-18 14:35:21-0400 [-] Stopping factory <buildbot_worker.pb.BotFactory object at 0x7fb7872c3ad0>
2025-04-18 14:35:24-0400 [-] Starting factory <buildbot_worker.pb.BotFactory object at 0x7fb7872c3ad0>
2025-04-18 14:35:24-0400 [Broker,client] message from master: attached
2025-04-18 14:35:24-0400 [Broker,client] message from master: attached
2025-04-18 14:35:24-0400 [Broker,client] message from master: attached
2025-04-18 14:35:24-0400 [Broker,client] Connected to buildmaster; worker is ready
2025-04-18 14:35:24-0400 [Broker,client] sending application-level keepalives every 600 seconds
2025-04-18 14:35:42-0400 [-] Received SIGTERM, shutting down.
2025-04-18 14:35:42-0400 [-] Stopping factory <buildbot_worker.pb.BotFactory object at 0x7fb7872c3ad0>
2025-04-18 14:35:42-0400 [-] Main loop terminated.
2025-04-18 14:35:42-0400 [-] Server Shut Down.
2025-04-18 14:35:42-0400 [-] Loading buildbot.tac...
2025-04-18 14:35:42-0400 [-] Loaded.
2025-04-18 14:35:42-0400 [-] twistd 24.11.0 (/root/buildbot/worker_root/sandbox/bin/python3 3.12.5) starting up.
2025-04-18 14:35:42-0400 [-] reactor class: twisted.internet.epollreactor.EPollReactor.
2025-04-18 14:35:42-0400 [-] Starting Worker -- version: 4.2.1
2025-04-18 14:35:42-0400 [-] recording hostname in twistd.hostname
2025-04-18 14:35:42-0400 [-] Starting factory <buildbot_worker.pb.BotFactory object at 0x7f506a0875c0>
2025-04-18 14:35:42-0400 [Broker,client] message from master: attached
2025-04-18 14:35:43-0400 [Broker,client] message from master: attached
2025-04-18 14:35:43-0400 [Broker,client] message from master: attached
2025-04-18 14:35:43-0400 [Broker,client] Connected to buildmaster; worker is ready
2025-04-18 14:35:43-0400 [Broker,client] sending application-level keepalives every 600 seconds
2025-04-18 14:45:43-0400 [-] sending app-level keepalive
2025-04-18 14:45:43-0400 [Broker,client] Master replied to keepalive, everything's fine
2025-04-18 14:55:43-0400 [-] sending app-level keepalive
2025-04-18 14:55:43-0400 [Broker,client] Master replied to keepalive, everything's fine
2025-04-18 15:05:43-0400 [-] sending app-level keepalive
2025-04-18 15:05:43-0400 [Broker,client] Master replied to keepalive, everything's fine
2025-04-18 15:15:43-0400 [-] sending app-level keepalive
2025-04-18 15:15:43-0400 [Broker,client] Master replied to keepalive, everything's fine
2025-04-18 15:25:43-0400 [-] sending app-level keepalive
2025-04-18 15:25:43-0400 [Broker,client] Master replied to keepalive, everything's fine
2025-04-18 15:35:42-0400 [Broker,client] message from master: keepalive
2025-04-18 15:35:43-0400 [-] sending app-level keepalive
2025-04-18 15:35:43-0400 [Broker,client] Master replied to keepalive, everything's fine
2025-04-18 15:45:43-0400 [-] sending app-level keepalive
2025-04-18 15:45:43-0400 [Broker,client] Master replied to keepalive, everything's fine
2025-04-18 15:55:43-0400 [-] sending app-level keepalive
2025-04-18 15:55:43-0400 [Broker,client] Master replied to keepalive, everything's fine
2025-04-18 16:05:43-0400 [-] sending app-level keepalive
2025-04-18 16:05:43-0400 [Broker,client] Master replied to keepalive, everything's fine
2025-04-18 16:15:43-0400 [-] sending app-level keepalive
2025-04-18 16:15:43-0400 [Broker,client] Master replied to keepalive, everything's fine
2025-04-18 16:25:43-0400 [-] sending app-level keepalive
2025-04-18 16:25:43-0400 [Broker,client] Master replied to keepalive, everything's fine
2025-04-18 16:35:42-0400 [Broker,client] message from master: keepalive
2025-04-18 16:35:43-0400 [-] sending app-level keepalive
2025-04-18 16:35:43-0400 [Broker,client] Master replied to keepalive, everything's fine
2025-04-18 16:45:44-0400 [-] sending app-level keepalive
2025-04-18 16:45:44-0400 [Broker,client] Master replied to keepalive, everything's fine
2025-04-18 16:55:44-0400 [-] sending app-level keepalive
2025-04-18 16:55:44-0400 [Broker,client] Master replied to keepalive, everything's fine
2025-04-18 17:05:44-0400 [-] sending app-level keepalive
2025-04-18 17:05:44-0400 [Broker,client] Master replied to keepalive, everything's fine
2025-04-18 17:15:44-0400 [-] sending app-level keepalive
2025-04-18 17:15:44-0400 [Broker,client] Master replied to keepalive, everything's fine
2025-04-18 17:25:44-0400 [-] sending app-level keepalive
2025-04-18 17:25:44-0400 [Broker,client] Master replied to keepalive, everything's fine
2025-04-18 17:35:42-0400 [Broker,client] message from master: keepalive
2025-04-18 17:35:44-0400 [-] sending app-level keepalive
2025-04-18 17:35:44-0400 [Broker,client] Master replied to keepalive, everything's fine
2025-04-18 17:45:44-0400 [-] sending app-level keepalive
2025-04-18 17:45:44-0400 [Broker,client] Master replied to keepalive, everything's fine
2025-04-18 17:55:44-0400 [-] sending app-level keepalive
2025-04-18 17:55:44-0400 [Broker,client] Master replied to keepalive, everything's fine
2025-04-18 18:05:44-0400 [-] sending app-level keepalive
2025-04-18 18:05:44-0400 [Broker,client] Master replied to keepalive, everything's fine
2025-04-18 18:15:44-0400 [-] sending app-level keepalive
2025-04-18 18:15:44-0400 [Broker,client] Master replied to keepalive, everything's fine
2025-04-18 18:25:44-0400 [-] sending app-level keepalive
2025-04-18 18:25:44-0400 [Broker,client] Master replied to keepalive, everything's fine
2025-04-18 18:35:42-0400 [Broker,client] message from master: keepalive
2025-04-18 18:35:44-0400 [-] sending app-level keepalive
2025-04-18 18:35:44-0400 [Broker,client] Master replied to keepalive, everything's fine
2025-04-18 18:45:44-0400 [-] sending app-level keepalive
2025-04-18 18:45:44-0400 [Broker,client] Master replied to keepalive, everything's fine
2025-04-18 18:55:44-0400 [-] sending app-level keepalive
2025-04-18 18:55:44-0400 [Broker,client] Master replied to keepalive, everything's fine
2025-04-18 19:05:44-0400 [-] sending app-level keepalive
2025-04-18 19:05:44-0400 [Broker,client] Master replied to keepalive, everything's fine
2025-04-18 19:15:45-0400 [-] sending app-level keepalive
2025-04-18 19:15:45-0400 [Broker,client] Master replied to keepalive, everything's fine
2025-04-18 19:25:45-0400 [-] sending app-level keepalive
2025-04-18 19:25:45-0400 [Broker,client] Master replied to keepalive, everything's fine
2025-04-18 19:35:42-0400 [Broker,client] message from master: keepalive
2025-04-18 19:35:45-0400 [-] sending app-level keepalive
2025-04-18 19:35:45-0400 [Broker,client] Master replied to keepalive, everything's fine
2025-04-18 19:45:45-0400 [-] sending app-level keepalive
2025-04-18 19:45:45-0400 [Broker,client] Master replied to keepalive, everything's fine
2025-04-18 19:55:45-0400 [-] sending app-level keepalive
2025-04-18 19:55:45-0400 [Broker,client] Master replied to keepalive, everything's fine
2025-04-18 20:05:45-0400 [-] sending app-level keepalive
2025-04-18 20:05:45-0400 [Broker,client] Master replied to keepalive, everything's fine
2025-04-18 20:15:45-0400 [-] sending app-level keepalive
2025-04-18 20:15:45-0400 [Broker,client] Master replied to keepalive, everything's fine
2025-04-18 20:25:45-0400 [-] sending app-level keepalive
2025-04-18 20:25:45-0400 [Broker,client] Master replied to keepalive, everything's fine
2025-04-18 20:35:42-0400 [Broker,client] message from master: keepalive
2025-04-18 20:35:45-0400 [-] sending app-level keepalive
2025-04-18 20:35:45-0400 [Broker,client] Master replied to keepalive, everything's fine
2025-04-18 20:45:45-0400 [-] sending app-level keepalive
2025-04-18 20:45:45-0400 [Broker,client] Master replied to keepalive, everything's fine
2025-04-18 20:55:45-0400 [-] sending app-level keepalive
2025-04-18 20:55:45-0400 [Broker,client] Master replied to keepalive, everything's fine
2025-04-18 21:05:45-0400 [-] sending app-level keepalive
2025-04-18 21:05:45-0400 [Broker,client] Master replied to keepalive, everything's fine
2025-04-18 21:15:46-0400 [-] sending app-level keepalive
2025-04-18 21:15:46-0400 [Broker,client] Master replied to keepalive, everything's fine
2025-04-18 21:25:46-0400 [-] sending app-level keepalive
2025-04-18 21:25:46-0400 [Broker,client] Master replied to keepalive, everything's fine
2025-04-18 21:35:42-0400 [Broker,client] message from master: keepalive
2025-04-18 21:35:46-0400 [-] sending app-level keepalive
2025-04-18 21:35:46-0400 [Broker,client] Master replied to keepalive, everything's fine
2025-04-18 21:45:46-0400 [-] sending app-level keepalive
2025-04-18 21:45:46-0400 [Broker,client] Master replied to keepalive, everything's fine
2025-04-18 21:55:46-0400 [-] sending app-level keepalive
2025-04-18 21:55:46-0400 [Broker,client] Master replied to keepalive, everything's fine
2025-04-18 22:05:46-0400 [-] sending app-level keepalive
2025-04-18 22:05:46-0400 [Broker,client] Master replied to keepalive, everything's fine
2025-04-18 22:15:46-0400 [-] sending app-level keepalive
2025-04-18 22:15:46-0400 [Broker,client] Master replied to keepalive, everything's fine
2025-04-18 22:25:46-0400 [-] sending app-level keepalive
2025-04-18 22:25:46-0400 [Broker,client] Master replied to keepalive, everything's fine
2025-04-18 22:35:42-0400 [Broker,client] message from master: keepalive
2025-04-18 22:35:46-0400 [-] sending app-level keepalive
2025-04-18 22:35:46-0400 [Broker,client] Master replied to keepalive, everything's fine
2025-04-18 22:45:46-0400 [-] sending app-level keepalive
2025-04-18 22:45:46-0400 [Broker,client] Master replied to keepalive, everything's fine
2025-04-18 22:55:46-0400 [-] sending app-level keepalive
2025-04-18 22:55:46-0400 [Broker,client] Master replied to keepalive, everything's fine
2025-04-18 23:05:46-0400 [-] sending app-level keepalive
2025-04-18 23:05:46-0400 [Broker,client] Master replied to keepalive, everything's fine
2025-04-18 23:15:46-0400 [-] sending app-level keepalive
2025-04-18 23:15:46-0400 [Broker,client] Master replied to keepalive, everything's fine
2025-04-18 23:25:46-0400 [-] sending app-level keepalive
2025-04-18 23:25:46-0400 [Broker,client] Master replied to keepalive, everything's fine
2025-04-18 23:35:42-0400 [Broker,client] message from master: keepalive
2025-04-18 23:35:46-0400 [-] sending app-level keepalive
2025-04-18 23:35:46-0400 [Broker,client] Master replied to keepalive, everything's fine
2025-04-18 23:45:46-0400 [-] sending app-level keepalive
2025-04-18 23:45:46-0400 [Broker,client] Master replied to keepalive, everything's fine
2025-04-18 23:55:46-0400 [-] sending app-level keepalive
2025-04-18 23:55:46-0400 [Broker,client] Master replied to keepalive, everything's fine
2025-04-19 00:05:46-0400 [-] sending app-level keepalive
2025-04-19 00:05:46-0400 [Broker,client] Master replied to keepalive, everything's fine
2025-04-19 00:15:46-0400 [-] sending app-level keepalive
2025-04-19 00:15:46-0400 [Broker,client] Master replied to keepalive, everything's fine
2025-04-19 00:25:46-0400 [-] sending app-level keepalive
2025-04-19 00:25:46-0400 [Broker,client] Master replied to keepalive, everything's fine
2025-04-19 00:35:42-0400 [Broker,client] message from master: keepalive
2025-04-19 00:35:46-0400 [-] sending app-level keepalive
2025-04-19 00:35:46-0400 [Broker,client] Master replied to keepalive, everything's fine
2025-04-19 00:45:46-0400 [-] sending app-level keepalive
2025-04-19 00:45:46-0400 [Broker,client] Master replied to keepalive, everything's fine
2025-04-19 00:55:47-0400 [-] sending app-level keepalive
2025-04-19 00:55:47-0400 [Broker,client] Master replied to keepalive, everything's fine
2025-04-19 01:05:47-0400 [-] sending app-level keepalive
2025-04-19 01:05:47-0400 [Broker,client] Master replied to keepalive, everything's fine
2025-04-19 01:15:47-0400 [-] sending app-level keepalive
2025-04-19 01:15:47-0400 [Broker,client] Master replied to keepalive, everything's fine
2025-04-19 01:25:47-0400 [-] sending app-level keepalive
2025-04-19 01:25:47-0400 [Broker,client] Master replied to keepalive, everything's fine
2025-04-19 01:35:42-0400 [Broker,client] message from master: keepalive
2025-04-19 01:35:47-0400 [-] sending app-level keepalive
2025-04-19 01:35:47-0400 [Broker,client] Master replied to keepalive, everything's fine
2025-04-19 01:45:47-0400 [-] sending app-level keepalive
2025-04-19 01:45:47-0400 [Broker,client] Master replied to keepalive, everything's fine
2025-04-19 01:55:47-0400 [-] sending app-level keepalive
2025-04-19 01:55:47-0400 [Broker,client] Master replied to keepalive, everything's fine
2025-04-19 02:05:47-0400 [-] sending app-level keepalive
2025-04-19 02:05:47-0400 [Broker,client] Master replied to keepalive, everything's fine
2025-04-19 02:15:47-0400 [-] sending app-level keepalive
2025-04-19 02:15:47-0400 [Broker,client] Master replied to keepalive, everything's fine
2025-04-19 02:25:47-0400 [-] sending app-level keepalive
2025-04-19 02:25:47-0400 [Broker,client] Master replied to keepalive, everything's fine
2025-04-19 02:35:42-0400 [Broker,client] message from master: keepalive
2025-04-19 02:35:47-0400 [-] sending app-level keepalive
2025-04-19 02:35:47-0400 [Broker,client] Master replied to keepalive, everything's fine
2025-04-19 02:45:47-0400 [-] sending app-level keepalive
2025-04-19 02:45:47-0400 [Broker,client] Master replied to keepalive, everything's fine
2025-04-19 02:55:47-0400 [-] sending app-level keepalive
2025-04-19 02:55:47-0400 [Broker,client] Master replied to keepalive, everything's fine
2025-04-19 03:05:47-0400 [-] sending app-level keepalive
2025-04-19 03:05:47-0400 [Broker,client] Master replied to keepalive, everything's fine
2025-04-19 03:15:47-0400 [-] sending app-level keepalive
2025-04-19 03:15:47-0400 [Broker,client] Master replied to keepalive, everything's fine
2025-04-19 03:25:47-0400 [-] sending app-level keepalive
2025-04-19 03:25:47-0400 [Broker,client] Master replied to keepalive, everything's fine
2025-04-19 03:35:42-0400 [Broker,client] message from master: keepalive
2025-04-19 03:35:47-0400 [-] sending app-level keepalive
2025-04-19 03:35:47-0400 [Broker,client] Master replied to keepalive, everything's fine
2025-04-19 03:45:48-0400 [-] sending app-level keepalive
2025-04-19 03:45:48-0400 [Broker,client] Master replied to keepalive, everything's fine
2025-04-19 03:55:48-0400 [-] sending app-level keepalive
2025-04-19 03:55:48-0400 [Broker,client] Master replied to keepalive, everything's fine
2025-04-19 04:05:48-0400 [-] sending app-level keepalive
2025-04-19 04:05:48-0400 [Broker,client] Master replied to keepalive, everything's fine
2025-04-19 04:15:48-0400 [-] sending app-level keepalive
2025-04-19 04:15:48-0400 [Broker,client] Master replied to keepalive, everything's fine
2025-04-19 04:25:48-0400 [-] sending app-level keepalive
2025-04-19 04:25:48-0400 [Broker,client] Master replied to keepalive, everything's fine
2025-04-19 04:35:42-0400 [Broker,client] message from master: keepalive
2025-04-19 04:35:48-0400 [-] sending app-level keepalive
2025-04-19 04:35:48-0400 [Broker,client] Master replied to keepalive, everything's fine
2025-04-19 04:45:48-0400 [-] sending app-level keepalive
2025-04-19 04:45:48-0400 [Broker,client] Master replied to keepalive, everything's fine
2025-04-19 04:55:48-0400 [-] sending app-level keepalive
2025-04-19 04:55:48-0400 [Broker,client] Master replied to keepalive, everything's fine
2025-04-19 05:05:48-0400 [-] sending app-level keepalive
2025-04-19 05:05:48-0400 [Broker,client] Master replied to keepalive, everything's fine
2025-04-19 05:15:48-0400 [-] sending app-level keepalive
2025-04-19 05:15:48-0400 [Broker,client] Master replied to keepalive, everything's fine
2025-04-19 05:25:48-0400 [-] sending app-level keepalive
2025-04-19 05:25:48-0400 [Broker,client] Master replied to keepalive, everything's fine
2025-04-19 05:35:42-0400 [Broker,client] message from master: keepalive
2025-04-19 05:35:48-0400 [-] sending app-level keepalive
2025-04-19 05:35:48-0400 [Broker,client] Master replied to keepalive, everything's fine
2025-04-19 05:45:49-0400 [-] sending app-level keepalive
2025-04-19 05:45:49-0400 [Broker,client] Master replied to keepalive, everything's fine
2025-04-19 05:55:49-0400 [-] sending app-level keepalive
2025-04-19 05:55:49-0400 [Broker,client] Master replied to keepalive, everything's fine
2025-04-19 06:05:49-0400 [-] sending app-level keepalive
2025-04-19 06:05:49-0400 [Broker,client] Master replied to keepalive, everything's fine
2025-04-19 06:15:49-0400 [-] sending app-level keepalive
2025-04-19 06:15:49-0400 [Broker,client] Master replied to keepalive, everything's fine
2025-04-19 06:25:49-0400 [-] sending app-level keepalive
2025-04-19 06:25:49-0400 [Broker,client] Master replied to keepalive, everything's fine
2025-04-19 06:35:42-0400 [Broker,client] message from master: keepalive
2025-04-19 06:35:49-0400 [-] sending app-level keepalive
2025-04-19 06:35:49-0400 [Broker,client] Master replied to keepalive, everything's fine
2025-04-19 06:45:49-0400 [-] sending app-level keepalive
2025-04-19 06:45:49-0400 [Broker,client] Master replied to keepalive, everything's fine
2025-04-19 06:55:49-0400 [-] sending app-level keepalive
2025-04-19 06:55:49-0400 [Broker,client] Master replied to keepalive, everything's fine
2025-04-19 07:05:49-0400 [-] sending app-level keepalive
2025-04-19 07:05:49-0400 [Broker,client] Master replied to keepalive, everything's fine
2025-04-19 07:15:49-0400 [-] sending app-level keepalive
2025-04-19 07:15:49-0400 [Broker,client] Master replied to keepalive, everything's fine
2025-04-19 07:25:49-0400 [-] sending app-level keepalive
2025-04-19 07:25:49-0400 [Broker,client] Master replied to keepalive, everything's fine
2025-04-19 07:35:42-0400 [Broker,client] message from master: keepalive
2025-04-19 07:35:49-0400 [-] sending app-level keepalive
2025-04-19 07:35:49-0400 [Broker,client] Master replied to keepalive, everything's fine
2025-04-19 07:45:49-0400 [-] sending app-level keepalive
2025-04-19 07:45:49-0400 [Broker,client] Master replied to keepalive, everything's fine
2025-04-19 07:55:49-0400 [-] sending app-level keepalive
2025-04-19 07:55:49-0400 [Broker,client] Master replied to keepalive, everything's fine
2025-04-19 08:05:49-0400 [-] sending app-level keepalive
2025-04-19 08:05:49-0400 [Broker,client] Master replied to keepalive, everything's fine
2025-04-19 08:15:50-0400 [-] sending app-level keepalive
2025-04-19 08:15:50-0400 [Broker,client] Master replied to keepalive, everything's fine
2025-04-19 08:25:50-0400 [-] sending app-level keepalive
2025-04-19 08:25:50-0400 [Broker,client] Master replied to keepalive, everything's fine
2025-04-19 08:35:42-0400 [Broker,client] message from master: keepalive
2025-04-19 08:35:50-0400 [-] sending app-level keepalive
2025-04-19 08:35:50-0400 [Broker,client] Master replied to keepalive, everything's fine
2025-04-19 08:45:50-0400 [-] sending app-level keepalive
2025-04-19 08:45:50-0400 [Broker,client] Master replied to keepalive, everything's fine
2025-04-19 08:55:50-0400 [-] sending app-level keepalive
2025-04-19 08:55:50-0400 [Broker,client] Master replied to keepalive, everything's fine
2025-04-19 09:05:50-0400 [-] sending app-level keepalive
2025-04-19 09:05:50-0400 [Broker,client] Master replied to keepalive, everything's fine
2025-04-19 09:15:50-0400 [-] sending app-level keepalive
2025-04-19 09:15:50-0400 [Broker,client] Master replied to keepalive, everything's fine
2025-04-19 09:25:50-0400 [-] sending app-level keepalive
2025-04-19 09:25:50-0400 [Broker,client] Master replied to keepalive, everything's fine
2025-04-19 09:35:42-0400 [Broker,client] message from master: keepalive
2025-04-19 09:35:50-0400 [-] sending app-level keepalive
2025-04-19 09:35:50-0400 [Broker,client] Master replied to keepalive, everything's fine
2025-04-19 09:45:50-0400 [-] sending app-level keepalive
2025-04-19 09:45:50-0400 [Broker,client] Master replied to keepalive, everything's fine
2025-04-19 09:55:50-0400 [-] sending app-level keepalive
2025-04-19 09:55:50-0400 [Broker,client] Master replied to keepalive, everything's fine
2025-04-19 10:05:50-0400 [-] sending app-level keepalive
2025-04-19 10:05:50-0400 [Broker,client] Master replied to keepalive, everything's fine
2025-04-19 10:15:50-0400 [-] sending app-level keepalive
2025-04-19 10:15:50-0400 [Broker,client] Master replied to keepalive, everything's fine
2025-04-19 10:25:50-0400 [-] sending app-level keepalive
2025-04-19 10:25:50-0400 [Broker,client] Master replied to keepalive, everything's fine
2025-04-19 10:35:42-0400 [Broker,client] message from master: keepalive
2025-04-19 10:35:50-0400 [-] sending app-level keepalive
2025-04-19 10:35:50-0400 [Broker,client] Master replied to keepalive, everything's fine
2025-04-19 10:45:50-0400 [-] sending app-level keepalive
2025-04-19 10:45:50-0400 [Broker,client] Master replied to keepalive, everything's fine
2025-04-19 10:55:51-0400 [-] sending app-level keepalive
2025-04-19 10:55:51-0400 [Broker,client] Master replied to keepalive, everything's fine
2025-04-19 11:05:51-0400 [-] sending app-level keepalive
2025-04-19 11:05:51-0400 [Broker,client] Master replied to keepalive, everything's fine
2025-04-19 11:15:51-0400 [-] sending app-level keepalive
2025-04-19 11:15:51-0400 [Broker,client] Master replied to keepalive, everything's fine
2025-04-19 11:25:51-0400 [-] sending app-level keepalive
2025-04-19 11:25:51-0400 [Broker,client] Master replied to keepalive, everything's fine
2025-04-19 11:35:42-0400 [Broker,client] message from master: keepalive
2025-04-19 11:35:51-0400 [-] sending app-level keepalive
2025-04-19 11:35:51-0400 [Broker,client] Master replied to keepalive, everything's fine
2025-04-19 11:45:51-0400 [-] sending app-level keepalive
2025-04-19 11:45:51-0400 [Broker,client] Master replied to keepalive, everything's fine
2025-04-19 11:55:51-0400 [-] sending app-level keepalive
2025-04-19 11:55:51-0400 [Broker,client] Master replied to keepalive, everything's fine
2025-04-19 12:05:51-0400 [-] sending app-level keepalive
2025-04-19 12:05:51-0400 [Broker,client] Master replied to keepalive, everything's fine
2025-04-19 12:15:51-0400 [-] sending app-level keepalive
2025-04-19 12:15:51-0400 [Broker,client] Master replied to keepalive, everything's fine
2025-04-19 12:25:51-0400 [-] sending app-level keepalive
2025-04-19 12:25:51-0400 [Broker,client] Master replied to keepalive, everything's fine
2025-04-19 12:35:43-0400 [Broker,client] message from master: keepalive
2025-04-19 12:35:51-0400 [-] sending app-level keepalive
2025-04-19 12:35:51-0400 [Broker,client] Master replied to keepalive, everything's fine
2025-04-19 12:45:51-0400 [-] sending app-level keepalive
2025-04-19 12:45:51-0400 [Broker,client] Master replied to keepalive, everything's fine
2025-04-19 12:55:51-0400 [-] sending app-level keepalive
2025-04-19 12:55:51-0400 [Broker,client] Master replied to keepalive, everything's fine
2025-04-19 13:05:51-0400 [-] sending app-level keepalive
2025-04-19 13:05:51-0400 [Broker,client] Master replied to keepalive, everything's fine
2025-04-19 13:15:51-0400 [-] sending app-level keepalive
2025-04-19 13:15:51-0400 [Broker,client] Master replied to keepalive, everything's fine
2025-04-19 13:25:52-0400 [-] sending app-level keepalive
2025-04-19 13:25:52-0400 [Broker,client] Master replied to keepalive, everything's fine
2025-04-19 13:35:43-0400 [Broker,client] message from master: keepalive
2025-04-19 13:35:52-0400 [-] sending app-level keepalive
2025-04-19 13:35:52-0400 [Broker,client] Master replied to keepalive, everything's fine
2025-04-19 13:45:52-0400 [-] sending app-level keepalive
2025-04-19 13:45:52-0400 [Broker,client] Master replied to keepalive, everything's fine
2025-04-19 13:55:52-0400 [-] sending app-level keepalive
2025-04-19 13:55:52-0400 [Broker,client] Master replied to keepalive, everything's fine
2025-04-19 14:05:52-0400 [-] sending app-level keepalive
2025-04-19 14:05:52-0400 [Broker,client] Master replied to keepalive, everything's fine
2025-04-19 14:15:52-0400 [-] sending app-level keepalive
2025-04-19 14:15:52-0400 [Broker,client] Master replied to keepalive, everything's fine
2025-04-19 14:25:52-0400 [-] sending app-level keepalive
2025-04-19 14:25:52-0400 [Broker,client] Master replied to keepalive, everything's fine
2025-04-19 14:35:43-0400 [Broker,client] message from master: keepalive
2025-04-19 14:35:52-0400 [-] sending app-level keepalive
2025-04-19 14:35:52-0400 [Broker,client] Master replied to keepalive, everything's fine
2025-04-19 14:45:52-0400 [-] sending app-level keepalive
2025-04-19 14:45:52-0400 [Broker,client] Master replied to keepalive, everything's fine
2025-04-19 14:55:52-0400 [-] sending app-level keepalive
2025-04-19 14:55:52-0400 [Broker,client] Master replied to keepalive, everything's fine
2025-04-19 15:05:52-0400 [-] sending app-level keepalive
2025-04-19 15:05:52-0400 [Broker,client] Master replied to keepalive, everything's fine
2025-04-19 15:15:52-0400 [-] sending app-level keepalive
2025-04-19 15:15:52-0400 [Broker,client] Master replied to keepalive, everything's fine
2025-04-19 15:25:52-0400 [-] sending app-level keepalive
2025-04-19 15:25:52-0400 [Broker,client] Master replied to keepalive, everything's fine
2025-04-19 15:35:43-0400 [Broker,client] message from master: keepalive
2025-04-19 15:35:52-0400 [-] sending app-level keepalive
2025-04-19 15:35:52-0400 [Broker,client] Master replied to keepalive, everything's fine
2025-04-19 15:45:52-0400 [-] sending app-level keepalive
2025-04-19 15:45:52-0400 [Broker,client] Master replied to keepalive, everything's fine
2025-04-19 15:55:52-0400 [-] sending app-level keepalive
2025-04-19 15:55:52-0400 [Broker,client] Master replied to keepalive, everything's fine
2025-04-19 16:05:52-0400 [-] sending app-level keepalive
2025-04-19 16:05:52-0400 [Broker,client] Master replied to keepalive, everything's fine
2025-04-19 16:15:52-0400 [-] sending app-level keepalive
2025-04-19 16:15:52-0400 [Broker,client] Master replied to keepalive, everything's fine
2025-04-19 16:25:53-0400 [-] sending app-level keepalive
2025-04-19 16:25:53-0400 [Broker,client] Master replied to keepalive, everything's fine
2025-04-19 16:35:43-0400 [Broker,client] message from master: keepalive
2025-04-19 16:35:53-0400 [-] sending app-level keepalive
2025-04-19 16:35:53-0400 [Broker,client] Master replied to keepalive, everything's fine
2025-04-19 16:45:53-0400 [-] sending app-level keepalive
2025-04-19 16:45:53-0400 [Broker,client] Master replied to keepalive, everything's fine
2025-04-19 16:55:53-0400 [-] sending app-level keepalive
2025-04-19 16:55:53-0400 [Broker,client] Master replied to keepalive, everything's fine
2025-04-19 17:05:53-0400 [-] sending app-level keepalive
2025-04-19 17:05:53-0400 [Broker,client] Master replied to keepalive, everything's fine
2025-04-19 17:15:53-0400 [-] sending app-level keepalive
2025-04-19 17:15:53-0400 [Broker,client] Master replied to keepalive, everything's fine
2025-04-19 17:25:53-0400 [-] sending app-level keepalive
2025-04-19 17:25:53-0400 [Broker,client] Master replied to keepalive, everything's fine
2025-04-19 17:35:43-0400 [Broker,client] message from master: keepalive
2025-04-19 17:35:53-0400 [-] sending app-level keepalive
2025-04-19 17:35:53-0400 [Broker,client] Master replied to keepalive, everything's fine
2025-04-19 17:45:53-0400 [-] sending app-level keepalive
2025-04-19 17:45:53-0400 [Broker,client] Master replied to keepalive, everything's fine
2025-04-19 17:55:53-0400 [-] sending app-level keepalive
2025-04-19 17:55:53-0400 [Broker,client] Master replied to keepalive, everything's fine
2025-04-19 18:05:53-0400 [-] sending app-level keepalive
2025-04-19 18:05:53-0400 [Broker,client] Master replied to keepalive, everything's fine
2025-04-19 18:15:53-0400 [-] sending app-level keepalive
2025-04-19 18:15:53-0400 [Broker,client] Master replied to keepalive, everything's fine
2025-04-19 18:25:54-0400 [-] sending app-level keepalive
2025-04-19 18:25:54-0400 [Broker,client] Master replied to keepalive, everything's fine
2025-04-19 18:35:43-0400 [Broker,client] message from master: keepalive
2025-04-19 18:35:54-0400 [-] sending app-level keepalive
2025-04-19 18:35:54-0400 [Broker,client] Master replied to keepalive, everything's fine
2025-04-19 18:45:54-0400 [-] sending app-level keepalive
2025-04-19 18:45:54-0400 [Broker,client] Master replied to keepalive, everything's fine
2025-04-19 18:55:54-0400 [-] sending app-level keepalive
2025-04-19 18:55:54-0400 [Broker,client] Master replied to keepalive, everything's fine
2025-04-19 19:05:54-0400 [-] sending app-level keepalive
2025-04-19 19:05:54-0400 [Broker,client] Master replied to keepalive, everything's fine
2025-04-19 19:15:54-0400 [-] sending app-level keepalive
2025-04-19 19:15:54-0400 [Broker,client] Master replied to keepalive, everything's fine
2025-04-19 19:25:54-0400 [-] sending app-level keepalive
2025-04-19 19:25:54-0400 [Broker,client] Master replied to keepalive, everything's fine
2025-04-19 19:35:43-0400 [Broker,client] message from master: keepalive
2025-04-19 19:35:54-0400 [-] sending app-level keepalive
2025-04-19 19:35:54-0400 [Broker,client] Master replied to keepalive, everything's fine
2025-04-19 19:45:54-0400 [-] sending app-level keepalive
2025-04-19 19:45:54-0400 [Broker,client] Master replied to keepalive, everything's fine
2025-04-19 19:55:54-0400 [-] sending app-level keepalive
2025-04-19 19:55:54-0400 [Broker,client] Master replied to keepalive, everything's fine
2025-04-19 20:05:54-0400 [-] sending app-level keepalive
2025-04-19 20:05:54-0400 [Broker,client] Master replied to keepalive, everything's fine
2025-04-19 20:15:54-0400 [-] sending app-level keepalive
2025-04-19 20:15:54-0400 [Broker,client] Master replied to keepalive, everything's fine
2025-04-19 20:25:54-0400 [-] sending app-level keepalive
2025-04-19 20:25:54-0400 [Broker,client] Master replied to keepalive, everything's fine
2025-04-19 20:35:43-0400 [Broker,client] message from master: keepalive
2025-04-19 20:35:54-0400 [-] sending app-level keepalive
2025-04-19 20:35:54-0400 [Broker,client] Master replied to keepalive, everything's fine
2025-04-19 20:45:54-0400 [-] sending app-level keepalive
2025-04-19 20:45:54-0400 [Broker,client] Master replied to keepalive, everything's fine
2025-04-19 20:55:54-0400 [-] sending app-level keepalive
2025-04-19 20:55:54-0400 [Broker,client] Master replied to keepalive, everything's fine
2025-04-19 21:05:54-0400 [-] sending app-level keepalive
2025-04-19 21:05:54-0400 [Broker,client] Master replied to keepalive, everything's fine
2025-04-19 21:15:54-0400 [-] sending app-level keepalive
2025-04-19 21:15:54-0400 [Broker,client] Master replied to keepalive, everything's fine
2025-04-19 21:25:54-0400 [-] sending app-level keepalive
2025-04-19 21:25:54-0400 [Broker,client] Master replied to keepalive, everything's fine
2025-04-19 21:35:43-0400 [Broker,client] message from master: keepalive
2025-04-19 21:35:55-0400 [-] sending app-level keepalive
2025-04-19 21:35:55-0400 [Broker,client] Master replied to keepalive, everything's fine
2025-04-19 21:45:55-0400 [-] sending app-level keepalive
2025-04-19 21:45:55-0400 [Broker,client] Master replied to keepalive, everything's fine
2025-04-19 21:55:55-0400 [-] sending app-level keepalive
2025-04-19 21:55:55-0400 [Broker,client] Master replied to keepalive, everything's fine
2025-04-19 22:05:55-0400 [-] sending app-level keepalive
2025-04-19 22:05:55-0400 [Broker,client] Master replied to keepalive, everything's fine
2025-04-19 22:15:55-0400 [-] sending app-level keepalive
2025-04-19 22:15:55-0400 [Broker,client] Master replied to keepalive, everything's fine
2025-04-19 22:25:55-0400 [-] sending app-level keepalive
2025-04-19 22:25:55-0400 [Broker,client] Master replied to keepalive, everything's fine
2025-04-19 22:35:43-0400 [Broker,client] message from master: keepalive
2025-04-19 22:35:55-0400 [-] sending app-level keepalive
2025-04-19 22:35:55-0400 [Broker,client] Master replied to keepalive, everything's fine
2025-04-19 22:45:55-0400 [-] sending app-level keepalive
2025-04-19 22:45:55-0400 [Broker,client] Master replied to keepalive, everything's fine
2025-04-19 22:55:55-0400 [-] sending app-level keepalive
2025-04-19 22:55:55-0400 [Broker,client] Master replied to keepalive, everything's fine
2025-04-19 23:05:55-0400 [-] sending app-level keepalive
2025-04-19 23:05:55-0400 [Broker,client] Master replied to keepalive, everything's fine
2025-04-19 23:15:55-0400 [-] sending app-level keepalive
2025-04-19 23:15:55-0400 [Broker,client] Master replied to keepalive, everything's fine
2025-04-19 23:25:55-0400 [-] sending app-level keepalive
2025-04-19 23:25:55-0400 [Broker,client] Master replied to keepalive, everything's fine
2025-04-19 23:35:43-0400 [Broker,client] message from master: keepalive
2025-04-19 23:35:55-0400 [-] sending app-level keepalive
2025-04-19 23:35:55-0400 [Broker,client] Master replied to keepalive, everything's fine
2025-04-19 23:45:55-0400 [-] sending app-level keepalive
2025-04-19 23:45:55-0400 [Broker,client] Master replied to keepalive, everything's fine
2025-04-19 23:55:56-0400 [-] sending app-level keepalive
2025-04-19 23:55:56-0400 [Broker,client] Master replied to keepalive, everything's fine
2025-04-20 00:05:56-0400 [-] sending app-level keepalive
2025-04-20 00:05:56-0400 [Broker,client] Master replied to keepalive, everything's fine
2025-04-20 00:15:56-0400 [-] sending app-level keepalive
2025-04-20 00:15:56-0400 [Broker,client] Master replied to keepalive, everything's fine
2025-04-20 00:25:56-0400 [-] sending app-level keepalive
2025-04-20 00:25:56-0400 [Broker,client] Master replied to keepalive, everything's fine
2025-04-20 00:35:43-0400 [Broker,client] message from master: keepalive
2025-04-20 00:35:56-0400 [-] sending app-level keepalive
2025-04-20 00:35:56-0400 [Broker,client] Master replied to keepalive, everything's fine
2025-04-20 00:45:56-0400 [-] sending app-level keepalive
2025-04-20 00:45:56-0400 [Broker,client] Master replied to keepalive, everything's fine
2025-04-20 00:55:56-0400 [-] sending app-level keepalive
2025-04-20 00:55:56-0400 [Broker,client] Master replied to keepalive, everything's fine
2025-04-20 01:05:56-0400 [-] sending app-level keepalive
2025-04-20 01:05:56-0400 [Broker,client] Master replied to keepalive, everything's fine
2025-04-20 01:15:56-0400 [-] sending app-level keepalive
2025-04-20 01:15:56-0400 [Broker,client] Master replied to keepalive, everything's fine
2025-04-20 01:25:56-0400 [-] sending app-level keepalive
2025-04-20 01:25:56-0400 [Broker,client] Master replied to keepalive, everything's fine
2025-04-20 01:35:43-0400 [Broker,client] message from master: keepalive
2025-04-20 01:35:56-0400 [-] sending app-level keepalive
2025-04-20 01:35:56-0400 [Broker,client] Master replied to keepalive, everything's fine
2025-04-20 01:45:56-0400 [-] sending app-level keepalive
2025-04-20 01:45:56-0400 [Broker,client] Master replied to keepalive, everything's fine
2025-04-20 01:55:56-0400 [-] sending app-level keepalive
2025-04-20 01:55:56-0400 [Broker,client] Master replied to keepalive, everything's fine
2025-04-20 02:05:56-0400 [-] sending app-level keepalive
2025-04-20 02:05:56-0400 [Broker,client] Master replied to keepalive, everything's fine
2025-04-20 02:15:57-0400 [-] sending app-level keepalive
2025-04-20 02:15:57-0400 [Broker,client] Master replied to keepalive, everything's fine
2025-04-20 02:25:57-0400 [-] sending app-level keepalive
2025-04-20 02:25:57-0400 [Broker,client] Master replied to keepalive, everything's fine
2025-04-20 02:35:43-0400 [Broker,client] message from master: keepalive
2025-04-20 02:35:57-0400 [-] sending app-level keepalive
2025-04-20 02:35:57-0400 [Broker,client] Master replied to keepalive, everything's fine
2025-04-20 02:45:57-0400 [-] sending app-level keepalive
2025-04-20 02:45:57-0400 [Broker,client] Master replied to keepalive, everything's fine
2025-04-20 02:55:57-0400 [-] sending app-level keepalive
2025-04-20 02:55:57-0400 [Broker,client] Master replied to keepalive, everything's fine
2025-04-20 03:05:57-0400 [-] sending app-level keepalive
2025-04-20 03:05:57-0400 [Broker,client] Master replied to keepalive, everything's fine
2025-04-20 03:15:57-0400 [-] sending app-level keepalive
2025-04-20 03:15:57-0400 [Broker,client] Master replied to keepalive, everything's fine
2025-04-20 03:25:57-0400 [-] sending app-level keepalive
2025-04-20 03:25:57-0400 [Broker,client] Master replied to keepalive, everything's fine
2025-04-20 03:35:43-0400 [Broker,client] message from master: keepalive
2025-04-20 03:35:57-0400 [-] sending app-level keepalive
2025-04-20 03:35:57-0400 [Broker,client] Master replied to keepalive, everything's fine
